{"level":"info","message":"All supplement notifications scheduled successfully","service":"apex-biotics-api","timestamp":"2025-09-22 12:21:17"}
{"level":"info","message":"Server is running on http://localhost:5000","service":"apex-biotics-api","timestamp":"2025-09-22 12:21:17"}
{"level":"info","message":"All supplement notifications scheduled successfully","service":"apex-biotics-api","timestamp":"2025-09-22 12:49:47"}
{"level":"info","message":"Server is running on http://localhost:5000","service":"apex-biotics-api","timestamp":"2025-09-22 12:49:47"}
{"level":"info","message":"All supplement notifications scheduled successfully","service":"apex-biotics-api","timestamp":"2025-09-22 12:50:11"}
{"level":"info","message":"Server is running on http://localhost:5000","service":"apex-biotics-api","timestamp":"2025-09-22 12:50:11"}
{"level":"info","message":"All supplement notifications scheduled successfully","service":"apex-biotics-api","timestamp":"2025-09-22 12:51:05"}
{"level":"info","message":"Server is running on http://localhost:5000","service":"apex-biotics-api","timestamp":"2025-09-22 12:51:05"}
{"level":"http","message":{"duration":"297ms","ip":"::1","method":"POST","requestBody":"{\"email\":\"mashoodhussain100@gmail.com\",\"password\":\"mashood123\"}","requestId":null,"status":200,"url":"/api/auth/login","userAgent":"PostmanRuntime/7.46.0","userId":null},"service":"apex-biotics-api","timestamp":"2025-09-22 12:51:31"}
{"level":"http","message":"::1 - - [22/Sep/2025:07:51:31 +0000] \"POST /api/auth/login HTTP/1.1\" 200 651 \"-\" \"PostmanRuntime/7.46.0\"","service":"apex-biotics-api","timestamp":"2025-09-22 12:51:31"}
{"level":"info","message":"All supplement notifications scheduled successfully","service":"apex-biotics-api","timestamp":"2025-09-22 16:35:37"}
{"level":"info","message":"Server is running on http://localhost:5000","service":"apex-biotics-api","timestamp":"2025-09-22 16:35:37"}
{"level":"http","message":{"duration":"319ms","ip":"::1","method":"POST","requestBody":"{\"email\":\"mashoodhussain100@gmail.com\",\"password\":\"mashood123\"}","requestId":null,"status":200,"url":"/api/auth/login","userAgent":"PostmanRuntime/7.47.1","userId":null},"service":"apex-biotics-api","timestamp":"2025-09-22 16:39:36"}
{"level":"http","message":"::1 - - [22/Sep/2025:11:39:36 +0000] \"POST /api/auth/login HTTP/1.1\" 200 519 \"-\" \"PostmanRuntime/7.47.1\"","service":"apex-biotics-api","timestamp":"2025-09-22 16:39:36"}
{"level":"http","message":{"duration":"298ms","ip":"::1","method":"POST","requestBody":"{\"email\":\"mashoodhussain100@gmail.com\",\"password\":\"mashood123\"}","requestId":null,"status":200,"url":"/api/auth/login","userAgent":"PostmanRuntime/7.47.1","userId":null},"service":"apex-biotics-api","timestamp":"2025-09-22 16:39:51"}
{"level":"http","message":"::1 - - [22/Sep/2025:11:39:51 +0000] \"POST /api/auth/login HTTP/1.1\" 200 519 \"-\" \"PostmanRuntime/7.47.1\"","service":"apex-biotics-api","timestamp":"2025-09-22 16:39:51"}
{"level":"http","message":{"duration":"2072ms","ip":"::1","method":"POST","requestBody":"{\"name\":\"Specific day of the week\",\"form\":\"Tablet\",\"reason\":\"Metabolism\",\"time\":\"07:45\",\"frequency\":\"Specific days of the week\",\"daysOfWeek\":[1,3,5]}","requestId":null,"status":201,"url":"/api/supplements","userAgent":"PostmanRuntime/7.47.1","userId":"68643ec66f91fafad2288530"},"service":"apex-biotics-api","timestamp":"2025-09-22 16:41:11"}
{"level":"http","message":"::1 - - [22/Sep/2025:11:41:11 +0000] \"POST /api/supplements HTTP/1.1\" 201 996 \"-\" \"PostmanRuntime/7.47.1\"","service":"apex-biotics-api","timestamp":"2025-09-22 16:41:11"}
{"level":"http","message":{"duration":"3932ms","ip":"::1","method":"POST","requestBody":"{\"name\":\"recurring testing..\",\"form\":\"Tablet\",\"reason\":\"Anemia\",\"time\":\"10:00\",\"frequency\":\"On a recurring cycle\",\"cycle\":{\"startDate\":\"2025-09-23\",\"endDate\":\"2025-10-15\",\"repeat\":3}}","requestId":null,"status":201,"url":"/api/supplements","userAgent":"PostmanRuntime/7.47.1","userId":"68643ec66f91fafad2288530"},"service":"apex-biotics-api","timestamp":"2025-09-22 16:43:15"}
{"level":"http","message":"::1 - - [22/Sep/2025:11:43:15 +0000] \"POST /api/supplements HTTP/1.1\" 201 2414 \"-\" \"PostmanRuntime/7.47.1\"","service":"apex-biotics-api","timestamp":"2025-09-22 16:43:15"}
{"level":"info","message":"All supplement notifications scheduled successfully","service":"apex-biotics-api","timestamp":"2025-09-22 16:49:10"}
{"level":"info","message":"Server is running on http://localhost:5000","service":"apex-biotics-api","timestamp":"2025-09-22 16:49:10"}
{"level":"http","message":{"duration":"5347ms","ip":"::1","method":"POST","requestBody":"{\"name\":\"Vitamin D\",\"form\":\"Tablet\",\"reason\":\"Bone health\",\"time\":\"08:00\",\"frequency\":\"Every X days\",\"interval\":3}","requestId":null,"status":201,"url":"/api/supplements","userAgent":"PostmanRuntime/7.47.1","userId":"68643ec66f91fafad2288530"},"service":"apex-biotics-api","timestamp":"2025-09-22 16:50:46"}
{"level":"http","message":"::1 - - [22/Sep/2025:11:50:46 +0000] \"POST /api/supplements HTTP/1.1\" 201 3221 \"-\" \"PostmanRuntime/7.47.1\"","service":"apex-biotics-api","timestamp":"2025-09-22 16:50:46"}
{"level":"info","message":"All supplement notifications scheduled successfully","service":"apex-biotics-api","timestamp":"2025-09-22 17:00:14"}
{"level":"info","message":"Server is running on http://localhost:5000","service":"apex-biotics-api","timestamp":"2025-09-22 17:00:14"}
{"level":"http","message":{"duration":"15897ms","ip":"::1","method":"POST","requestBody":"{\"name\":\"every tuesday supplement testing...\",\"form\":\"Tablet\",\"reason\":\"Bone health\",\"time\":\"08:00\",\"frequency\":\"Every X days\",\"interval\":2}","requestId":null,"status":201,"url":"/api/supplements","userAgent":"PostmanRuntime/7.47.1","userId":"68643ec66f91fafad2288530"},"service":"apex-biotics-api","timestamp":"2025-09-22 17:01:25"}
{"level":"http","message":"::1 - - [22/Sep/2025:12:01:25 +0000] \"POST /api/supplements HTTP/1.1\" 201 5062 \"-\" \"PostmanRuntime/7.47.1\"","service":"apex-biotics-api","timestamp":"2025-09-22 17:01:25"}
{"level":"info","message":"All supplement notifications scheduled successfully","service":"apex-biotics-api","timestamp":"2025-09-22 17:09:05"}
{"level":"info","message":"Server is running on http://localhost:5000","service":"apex-biotics-api","timestamp":"2025-09-22 17:09:05"}
{"level":"http","message":{"duration":"229ms","ip":"::1","method":"POST","requestBody":"{\"name\":\"Every tuesday testing 2\",\"form\":\"Tablet\",\"reason\":\"Immunity boost\",\"time\":\"08:00 AM\",\"frequency\":\"Every X days\",\"day\":2}","requestId":null,"status":400,"url":"/api/supplements","userAgent":"PostmanRuntime/7.47.1","userId":"68643ec66f91fafad2288530"},"service":"apex-biotics-api","timestamp":"2025-09-22 17:10:01"}
{"level":"http","message":"::1 - - [22/Sep/2025:12:10:01 +0000] \"POST /api/supplements HTTP/1.1\" 400 103 \"-\" \"PostmanRuntime/7.47.1\"","service":"apex-biotics-api","timestamp":"2025-09-22 17:10:01"}
{"level":"http","message":{"duration":"2678ms","ip":"::1","method":"POST","requestBody":"{\"name\":\"Every tuesday testing 2\",\"form\":\"Tablet\",\"reason\":\"Immunity boost\",\"time\":\"08:00\",\"frequency\":\"Every X days\",\"day\":2}","requestId":null,"status":201,"url":"/api/supplements","userAgent":"PostmanRuntime/7.47.1","userId":"68643ec66f91fafad2288530"},"service":"apex-biotics-api","timestamp":"2025-09-22 17:10:17"}
{"level":"http","message":"::1 - - [22/Sep/2025:12:10:17 +0000] \"POST /api/supplements HTTP/1.1\" 201 1596 \"-\" \"PostmanRuntime/7.47.1\"","service":"apex-biotics-api","timestamp":"2025-09-22 17:10:17"}
{"level":"http","message":{"duration":"212ms","ip":"::1","method":"POST","requestBody":"{\"name\":\"Every two weeks\",\"form\":\"Capsule\",\"reason\":\"Heart health\",\"time\":\"09:00 AM\",\"frequency\":\"Every X weeks\",\"interval\":2}","requestId":null,"status":400,"url":"/api/supplements","userAgent":"PostmanRuntime/7.47.1","userId":"68643ec66f91fafad2288530"},"service":"apex-biotics-api","timestamp":"2025-09-22 17:11:36"}
{"level":"http","message":"::1 - - [22/Sep/2025:12:11:36 +0000] \"POST /api/supplements HTTP/1.1\" 400 103 \"-\" \"PostmanRuntime/7.47.1\"","service":"apex-biotics-api","timestamp":"2025-09-22 17:11:36"}
{"level":"http","message":{"duration":"3438ms","ip":"::1","method":"POST","requestBody":"{\"name\":\"Every two weeks\",\"form\":\"Capsule\",\"reason\":\"Heart health\",\"time\":\"09:00\",\"frequency\":\"Every X weeks\",\"interval\":2}","requestId":null,"status":201,"url":"/api/supplements","userAgent":"PostmanRuntime/7.47.1","userId":"68643ec66f91fafad2288530"},"service":"apex-biotics-api","timestamp":"2025-09-22 17:11:46"}
{"level":"http","message":"::1 - - [22/Sep/2025:12:11:46 +0000] \"POST /api/supplements HTTP/1.1\" 201 2138 \"-\" \"PostmanRuntime/7.47.1\"","service":"apex-biotics-api","timestamp":"2025-09-22 17:11:46"}
{"level":"http","message":{"duration":"217ms","ip":"::1","method":"POST","requestBody":"{\"name\":\"Every after 5 months\",\"form\":\"Syrup\",\"reason\":\"Bone strength\",\"time\":\"07:30 AM\",\"frequency\":\"Every X months\",\"interval\":5}","requestId":null,"status":400,"url":"/api/supplements","userAgent":"PostmanRuntime/7.47.1","userId":"68643ec66f91fafad2288530"},"service":"apex-biotics-api","timestamp":"2025-09-22 17:13:32"}
{"level":"http","message":"::1 - - [22/Sep/2025:12:13:32 +0000] \"POST /api/supplements HTTP/1.1\" 400 103 \"-\" \"PostmanRuntime/7.47.1\"","service":"apex-biotics-api","timestamp":"2025-09-22 17:13:32"}
{"level":"http","message":{"duration":"1743ms","ip":"::1","method":"POST","requestBody":"{\"name\":\"Every after 5 months\",\"form\":\"Syrup\",\"reason\":\"Bone strength\",\"time\":\"07:30\",\"frequency\":\"Every X months\",\"interval\":5}","requestId":null,"status":201,"url":"/api/supplements","userAgent":"PostmanRuntime/7.47.1","userId":"68643ec66f91fafad2288530"},"service":"apex-biotics-api","timestamp":"2025-09-22 17:13:40"}
{"level":"http","message":"::1 - - [22/Sep/2025:12:13:40 +0000] \"POST /api/supplements HTTP/1.1\" 201 979 \"-\" \"PostmanRuntime/7.47.1\"","service":"apex-biotics-api","timestamp":"2025-09-22 17:13:40"}
{"level":"info","message":"All supplement notifications scheduled successfully","service":"apex-biotics-api","timestamp":"2025-09-22 17:16:10"}
{"level":"info","message":"Server is running on http://localhost:5000","service":"apex-biotics-api","timestamp":"2025-09-22 17:16:10"}
{"level":"info","message":"All supplement notifications scheduled successfully","service":"apex-biotics-api","timestamp":"2025-09-22 17:19:07"}
{"level":"info","message":"Server is running on http://localhost:5000","service":"apex-biotics-api","timestamp":"2025-09-22 17:19:07"}
{"level":"info","message":"All supplement notifications scheduled successfully","service":"apex-biotics-api","timestamp":"2025-09-22 17:22:17"}
{"level":"info","message":"Server is running on http://localhost:5000","service":"apex-biotics-api","timestamp":"2025-09-22 17:22:17"}
{"level":"info","message":"All supplement notifications scheduled successfully","service":"apex-biotics-api","timestamp":"2025-09-22 17:27:35"}
{"level":"info","message":"Server is running on http://localhost:5000","service":"apex-biotics-api","timestamp":"2025-09-22 17:27:35"}
{"level":"info","message":"All supplement notifications scheduled successfully","service":"apex-biotics-api","timestamp":"2025-09-22 17:31:51"}
{"level":"info","message":"Server is running on http://localhost:5000","service":"apex-biotics-api","timestamp":"2025-09-22 17:31:51"}
{"level":"http","message":{"duration":"16ms","ip":"::1","method":"PUT","requestBody":"{\"status\":\"taken\"}","requestId":null,"status":401,"url":"/api/supplements/68d13ca7327bffae71532fe8/status","userAgent":"PostmanRuntime/7.47.1","userId":null},"service":"apex-biotics-api","timestamp":"2025-09-22 17:34:14"}
{"level":"http","message":"::1 - - [22/Sep/2025:12:34:14 +0000] \"PUT /api/supplements/68d13ca7327bffae71532fe8/status HTTP/1.1\" 401 68 \"-\" \"PostmanRuntime/7.47.1\"","service":"apex-biotics-api","timestamp":"2025-09-22 17:34:14"}
{"level":"http","message":{"duration":"1953ms","ip":"::1","method":"PUT","requestBody":"{\"status\":\"taken\"}","requestId":null,"status":200,"url":"/api/supplements/68d13ca7327bffae71532fe8/status","userAgent":"PostmanRuntime/7.47.1","userId":"68643ec66f91fafad2288530"},"service":"apex-biotics-api","timestamp":"2025-09-22 17:34:23"}
{"level":"http","message":"::1 - - [22/Sep/2025:12:34:23 +0000] \"PUT /api/supplements/68d13ca7327bffae71532fe8/status HTTP/1.1\" 200 102 \"-\" \"PostmanRuntime/7.47.1\"","service":"apex-biotics-api","timestamp":"2025-09-22 17:34:23"}
{"level":"http","message":{"duration":"1072ms","ip":"::1","method":"PUT","requestBody":"{\"status\":\"pending\"}","requestId":null,"status":200,"url":"/api/supplements/68d13ca7327bffae71532fe8/status","userAgent":"PostmanRuntime/7.47.1","userId":"68643ec66f91fafad2288530"},"service":"apex-biotics-api","timestamp":"2025-09-22 17:35:09"}
{"level":"http","message":"::1 - - [22/Sep/2025:12:35:09 +0000] \"PUT /api/supplements/68d13ca7327bffae71532fe8/status HTTP/1.1\" 200 104 \"-\" \"PostmanRuntime/7.47.1\"","service":"apex-biotics-api","timestamp":"2025-09-22 17:35:09"}
{"level":"info","message":"All supplement notifications scheduled successfully","service":"apex-biotics-api","timestamp":"2025-09-22 17:36:44"}
{"level":"info","message":"Server is running on http://localhost:5000","service":"apex-biotics-api","timestamp":"2025-09-22 17:36:44"}
{"level":"http","message":{"duration":"931ms","ip":"::1","method":"PUT","requestBody":"{\"status\":\"taken\"}","requestId":null,"status":200,"url":"/api/supplements/68d13ca7327bffae71532fe8/status","userAgent":"PostmanRuntime/7.47.1","userId":"68643ec66f91fafad2288530"},"service":"apex-biotics-api","timestamp":"2025-09-22 17:36:53"}
{"level":"http","message":"::1 - - [22/Sep/2025:12:36:53 +0000] \"PUT /api/supplements/68d13ca7327bffae71532fe8/status HTTP/1.1\" 200 413 \"-\" \"PostmanRuntime/7.47.1\"","service":"apex-biotics-api","timestamp":"2025-09-22 17:36:53"}
{"level":"info","message":"All supplement notifications scheduled successfully","service":"apex-biotics-api","timestamp":"2025-09-22 17:47:05"}
{"level":"info","message":"Server is running on http://localhost:5000","service":"apex-biotics-api","timestamp":"2025-09-22 17:47:05"}
{"level":"http","message":{"duration":"481ms","ip":"::1","method":"POST","requestBody":"{\"title\":\"Doctor Visit\",\"description\":\"Annual health checkup with Dr. Khan\",\"date\":\"2025-09-25\",\"time\":\"10:30\",\"location\":\"City Hospital\"}","requestId":null,"status":201,"url":"/api/auth/add/appointment","userAgent":"PostmanRuntime/7.47.1","userId":"68643ec66f91fafad2288530"},"service":"apex-biotics-api","timestamp":"2025-09-22 17:47:09"}
{"level":"http","message":"::1 - - [22/Sep/2025:12:47:09 +0000] \"POST /api/auth/add/appointment HTTP/1.1\" 201 368 \"-\" \"PostmanRuntime/7.47.1\"","service":"apex-biotics-api","timestamp":"2025-09-22 17:47:09"}
{"level":"http","message":{"duration":"3ms","ip":"::1","method":"PUT","requestBody":"{\"title\":\"Updated Doctor Visit\",\"description\":\"Follow-up for blood test results\",\"date\":\"2025-09-30\",\"time\":\"10:30\",\"location\":\"City Hospital\"}","requestId":null,"status":401,"url":"/api/auth/update/appointment/68d1454d0e8e119ce8d4acf1","userAgent":"PostmanRuntime/7.47.1","userId":null},"service":"apex-biotics-api","timestamp":"2025-09-22 17:47:20"}
{"level":"http","message":"::1 - - [22/Sep/2025:12:47:20 +0000] \"PUT /api/auth/update/appointment/68d1454d0e8e119ce8d4acf1 HTTP/1.1\" 401 68 \"-\" \"PostmanRuntime/7.47.1\"","service":"apex-biotics-api","timestamp":"2025-09-22 17:47:20"}
{"level":"http","message":{"duration":"446ms","ip":"::1","method":"PUT","requestBody":"{\"title\":\"Updated Doctor Visit\",\"description\":\"Follow-up for blood test results\",\"date\":\"2025-09-30\",\"time\":\"10:30\",\"location\":\"City Hospital\"}","requestId":null,"status":200,"url":"/api/auth/update/appointment/68d1454d0e8e119ce8d4acf1","userAgent":"PostmanRuntime/7.47.1","userId":"68643ec66f91fafad2288530"},"service":"apex-biotics-api","timestamp":"2025-09-22 17:47:27"}
{"level":"http","message":"::1 - - [22/Sep/2025:12:47:27 +0000] \"PUT /api/auth/update/appointment/68d1454d0e8e119ce8d4acf1 HTTP/1.1\" 200 373 \"-\" \"PostmanRuntime/7.47.1\"","service":"apex-biotics-api","timestamp":"2025-09-22 17:47:27"}
{"level":"http","message":{"duration":"444ms","ip":"::1","method":"DELETE","requestId":null,"status":200,"url":"/api/auth/delete/appointment/68d1454d0e8e119ce8d4acf1","userAgent":"PostmanRuntime/7.47.1","userId":"68643ec66f91fafad2288530"},"service":"apex-biotics-api","timestamp":"2025-09-22 17:48:48"}
{"level":"http","message":"::1 - - [22/Sep/2025:12:48:48 +0000] \"DELETE /api/auth/delete/appointment/68d1454d0e8e119ce8d4acf1 HTTP/1.1\" 200 61 \"-\" \"PostmanRuntime/7.47.1\"","service":"apex-biotics-api","timestamp":"2025-09-22 17:48:48"}
{"level":"http","message":{"duration":"438ms","ip":"::1","method":"GET","requestBody":"","requestId":null,"status":200,"url":"/api/auth/get/appointment","userAgent":"PostmanRuntime/7.47.1","userId":"68643ec66f91fafad2288530"},"service":"apex-biotics-api","timestamp":"2025-09-22 17:51:12"}
{"level":"http","message":"::1 - - [22/Sep/2025:12:51:12 +0000] \"GET /api/auth/get/appointment HTTP/1.1\" 200 2292 \"-\" \"PostmanRuntime/7.47.1\"","service":"apex-biotics-api","timestamp":"2025-09-22 17:51:12"}
{"level":"info","message":"All supplement notifications scheduled successfully","service":"apex-biotics-api","timestamp":"2025-09-22 17:55:12"}
{"level":"info","message":"Server is running on http://localhost:5000","service":"apex-biotics-api","timestamp":"2025-09-22 17:55:12"}
{"level":"info","message":"All supplement notifications scheduled successfully","service":"apex-biotics-api","timestamp":"2025-09-22 17:56:01"}
{"level":"info","message":"Server is running on http://localhost:5000","service":"apex-biotics-api","timestamp":"2025-09-22 17:56:01"}
{"level":"http","message":{"duration":"450ms","ip":"::1","method":"GET","requestBody":"","requestId":null,"status":200,"url":"/api/supplements/status/taken","userAgent":"PostmanRuntime/7.47.1","userId":"68643ec66f91fafad2288530"},"service":"apex-biotics-api","timestamp":"2025-09-22 17:57:19"}
{"level":"http","message":"::1 - - [22/Sep/2025:12:57:19 +0000] \"GET /api/supplements/status/taken HTTP/1.1\" 200 1327 \"-\" \"PostmanRuntime/7.47.1\"","service":"apex-biotics-api","timestamp":"2025-09-22 17:57:19"}
{"level":"info","message":"All supplement notifications scheduled successfully","service":"apex-biotics-api","timestamp":"2025-09-22 18:05:53"}
{"level":"info","message":"Server is running on http://localhost:5000","service":"apex-biotics-api","timestamp":"2025-09-22 18:05:53"}
{"level":"info","message":"All supplement notifications scheduled successfully","service":"apex-biotics-api","timestamp":"2025-09-22 18:06:39"}
{"level":"info","message":"Server is running on http://localhost:5000","service":"apex-biotics-api","timestamp":"2025-09-22 18:06:39"}
{"level":"info","message":"All supplement notifications scheduled successfully","service":"apex-biotics-api","timestamp":"2025-09-22 18:07:59"}
{"level":"info","message":"Server is running on http://localhost:5000","service":"apex-biotics-api","timestamp":"2025-09-22 18:08:00"}
{"level":"info","message":"All supplement notifications scheduled successfully","service":"apex-biotics-api","timestamp":"2025-09-22 18:08:57"}
{"level":"info","message":"Server is running on http://localhost:5000","service":"apex-biotics-api","timestamp":"2025-09-22 18:08:57"}
{"level":"info","message":"All supplement notifications scheduled successfully","service":"apex-biotics-api","timestamp":"2025-09-22 18:10:20"}
{"level":"info","message":"Server is running on http://localhost:5000","service":"apex-biotics-api","timestamp":"2025-09-22 18:10:20"}
{"level":"info","message":"All supplement notifications scheduled successfully","service":"apex-biotics-api","timestamp":"2025-09-22 18:14:03"}
{"level":"info","message":"Server is running on http://localhost:5000","service":"apex-biotics-api","timestamp":"2025-09-22 18:14:03"}
{"level":"info","message":"All supplement notifications scheduled successfully","service":"apex-biotics-api","timestamp":"2025-09-22 18:15:10"}
{"level":"info","message":"Server is running on http://localhost:5000","service":"apex-biotics-api","timestamp":"2025-09-22 18:15:10"}
{"level":"info","message":"All supplement notifications scheduled successfully","service":"apex-biotics-api","timestamp":"2025-09-22 18:17:13"}
{"level":"info","message":"Server is running on http://localhost:5000","service":"apex-biotics-api","timestamp":"2025-09-22 18:17:13"}
{"level":"info","message":"All supplement notifications scheduled successfully","service":"apex-biotics-api","timestamp":"2025-09-22 18:17:50"}
{"level":"info","message":"Server is running on http://localhost:5000","service":"apex-biotics-api","timestamp":"2025-09-22 18:17:50"}
{"level":"info","message":"All supplement notifications scheduled successfully","service":"apex-biotics-api","timestamp":"2025-09-22 18:18:16"}
{"level":"info","message":"Server is running on http://localhost:5000","service":"apex-biotics-api","timestamp":"2025-09-22 18:18:16"}
{"level":"http","message":{"duration":"436ms","ip":"::1","method":"GET","requestBody":"","requestId":null,"status":200,"url":"/api/supplements/status/taken","userAgent":"PostmanRuntime/7.47.1","userId":"68643ec66f91fafad2288530"},"service":"apex-biotics-api","timestamp":"2025-09-22 18:18:24"}
{"level":"http","message":"::1 - - [22/Sep/2025:13:18:24 +0000] \"GET /api/supplements/status/taken HTTP/1.1\" 200 1327 \"-\" \"PostmanRuntime/7.47.1\"","service":"apex-biotics-api","timestamp":"2025-09-22 18:18:24"}
{"level":"info","message":"All supplement notifications scheduled successfully","service":"apex-biotics-api","timestamp":"2025-09-22 18:20:31"}
{"level":"info","message":"Server is running on http://localhost:5000","service":"apex-biotics-api","timestamp":"2025-09-22 18:20:31"}
{"level":"info","message":"All supplement notifications scheduled successfully","service":"apex-biotics-api","timestamp":"2025-09-22 18:20:52"}
{"level":"info","message":"Server is running on http://localhost:5000","service":"apex-biotics-api","timestamp":"2025-09-22 18:20:52"}
{"level":"info","message":"All supplement notifications scheduled successfully","service":"apex-biotics-api","timestamp":"2025-09-22 18:24:18"}
{"level":"info","message":"Server is running on http://localhost:5000","service":"apex-biotics-api","timestamp":"2025-09-22 18:24:18"}
{"level":"info","message":"All supplement notifications scheduled successfully","service":"apex-biotics-api","timestamp":"2025-09-22 18:28:21"}
{"level":"info","message":"Server is running on http://localhost:5000","service":"apex-biotics-api","timestamp":"2025-09-22 18:28:21"}
{"level":"info","message":"All supplement notifications scheduled successfully","service":"apex-biotics-api","timestamp":"2025-09-22 18:30:39"}
{"level":"info","message":"Server is running on http://localhost:5000","service":"apex-biotics-api","timestamp":"2025-09-22 18:30:39"}
{"level":"info","message":"All supplement notifications scheduled successfully","service":"apex-biotics-api","timestamp":"2025-09-22 18:39:11"}
{"level":"info","message":"Server is running on http://localhost:5000","service":"apex-biotics-api","timestamp":"2025-09-22 18:39:11"}
{"level":"info","message":"All supplement notifications scheduled successfully","service":"apex-biotics-api","timestamp":"2025-09-22 18:43:50"}
{"level":"info","message":"Server is running on http://localhost:5000","service":"apex-biotics-api","timestamp":"2025-09-22 18:43:50"}
{"level":"http","message":{"duration":"582ms","ip":"::1","method":"POST","requestBody":"{\"name\":\"Every Other day testing  \",\"form\":\"Tablet\",\"reason\":\"Relaxation\",\"time\":\"21:00\",\"frequency\":\"Every other day\",\"day\":5}","requestId":null,"status":201,"url":"/api/supplements","userAgent":"PostmanRuntime/7.47.1","userId":"68643ec66f91fafad2288530"},"service":"apex-biotics-api","timestamp":"2025-09-22 18:44:10"}
{"level":"http","message":"::1 - - [22/Sep/2025:13:44:10 +0000] \"POST /api/supplements HTTP/1.1\" 201 7837 \"-\" \"PostmanRuntime/7.47.1\"","service":"apex-biotics-api","timestamp":"2025-09-22 18:44:10"}
{"level":"info","message":"All supplement notifications scheduled successfully","service":"apex-biotics-api","timestamp":"2025-09-22 18:46:28"}
{"level":"info","message":"Server is running on http://localhost:5000","service":"apex-biotics-api","timestamp":"2025-09-22 18:46:28"}
{"level":"info","message":"All supplement notifications scheduled successfully","service":"apex-biotics-api","timestamp":"2025-09-22 18:46:52"}
{"level":"info","message":"Server is running on http://localhost:5000","service":"apex-biotics-api","timestamp":"2025-09-22 18:46:52"}
{"level":"info","message":"All supplement notifications scheduled successfully","service":"apex-biotics-api","timestamp":"2025-09-22 18:47:07"}
{"level":"info","message":"Server is running on http://localhost:5000","service":"apex-biotics-api","timestamp":"2025-09-22 18:47:07"}
{"level":"info","message":"All supplement notifications scheduled successfully","service":"apex-biotics-api","timestamp":"2025-09-22 18:47:30"}
{"level":"info","message":"Server is running on http://localhost:5000","service":"apex-biotics-api","timestamp":"2025-09-22 18:47:30"}
{"level":"http","message":{"duration":"530ms","ip":"::1","method":"POST","requestBody":"{\"name\":\"Every Other day testing  with cycle id\",\"form\":\"Tablet\",\"reason\":\"Relaxation\",\"time\":\"21:00\",\"frequency\":\"Every other day\",\"day\":5}","requestId":null,"status":201,"url":"/api/supplements","userAgent":"PostmanRuntime/7.47.1","userId":"68643ec66f91fafad2288530"},"service":"apex-biotics-api","timestamp":"2025-09-22 18:47:36"}
{"level":"http","message":"::1 - - [22/Sep/2025:13:47:36 +0000] \"POST /api/supplements HTTP/1.1\" 201 9501 \"-\" \"PostmanRuntime/7.47.1\"","service":"apex-biotics-api","timestamp":"2025-09-22 18:47:36"}
{"level":"info","message":"All supplement notifications scheduled successfully","service":"apex-biotics-api","timestamp":"2025-09-22 18:49:37"}
{"level":"info","message":"Server is running on http://localhost:5000","service":"apex-biotics-api","timestamp":"2025-09-22 18:49:37"}
{"level":"info","message":"All supplement notifications scheduled successfully","service":"apex-biotics-api","timestamp":"2025-09-22 18:53:33"}
{"level":"info","message":"Server is running on http://localhost:5000","service":"apex-biotics-api","timestamp":"2025-09-22 18:53:33"}
{"level":"http","message":{"duration":"673ms","ip":"::1","method":"DELETE","requestId":null,"status":200,"url":"/api/supplements/68d1537849bf9a3ed840d962/delete?scope=today","userAgent":"PostmanRuntime/7.47.1","userId":"68643ec66f91fafad2288530"},"service":"apex-biotics-api","timestamp":"2025-09-22 18:53:52"}
{"level":"http","message":"::1 - - [22/Sep/2025:13:53:52 +0000] \"DELETE /api/supplements/68d1537849bf9a3ed840d962/delete?scope=today HTTP/1.1\" 200 57 \"-\" \"PostmanRuntime/7.47.1\"","service":"apex-biotics-api","timestamp":"2025-09-22 18:53:52"}
{"level":"http","message":{"duration":"439ms","ip":"::1","method":"DELETE","requestId":null,"status":404,"url":"/api/supplements/68d1537849bf9a3ed840d962/delete?scope=all","userAgent":"PostmanRuntime/7.47.1","userId":"68643ec66f91fafad2288530"},"service":"apex-biotics-api","timestamp":"2025-09-22 18:54:16"}
{"level":"http","message":"::1 - - [22/Sep/2025:13:54:16 +0000] \"DELETE /api/supplements/68d1537849bf9a3ed840d962/delete?scope=all HTTP/1.1\" 404 50 \"-\" \"PostmanRuntime/7.47.1\"","service":"apex-biotics-api","timestamp":"2025-09-22 18:54:16"}
{"level":"http","message":{"duration":"230ms","ip":"::1","method":"DELETE","requestId":null,"status":500,"url":"/api/supplements/70dc3f65-f59e-4ebc-a269-78b1c950a97d/delete?scope=all","userAgent":"PostmanRuntime/7.47.1","userId":"68643ec66f91fafad2288530"},"service":"apex-biotics-api","timestamp":"2025-09-22 18:54:30"}
{"level":"http","message":"::1 - - [22/Sep/2025:13:54:30 +0000] \"DELETE /api/supplements/70dc3f65-f59e-4ebc-a269-78b1c950a97d/delete?scope=all HTTP/1.1\" 500 182 \"-\" \"PostmanRuntime/7.47.1\"","service":"apex-biotics-api","timestamp":"2025-09-22 18:54:30"}
{"level":"http","message":{"duration":"218ms","ip":"::1","method":"DELETE","requestId":null,"status":500,"url":"/api/supplements/70dc3f65-f59e-4ebc-a269-78b1c950a97d/delete?scope=all","userAgent":"PostmanRuntime/7.47.1","userId":"68643ec66f91fafad2288530"},"service":"apex-biotics-api","timestamp":"2025-09-22 18:54:46"}
{"level":"http","message":"::1 - - [22/Sep/2025:13:54:46 +0000] \"DELETE /api/supplements/70dc3f65-f59e-4ebc-a269-78b1c950a97d/delete?scope=all HTTP/1.1\" 500 182 \"-\" \"PostmanRuntime/7.47.1\"","service":"apex-biotics-api","timestamp":"2025-09-22 18:54:46"}
{"level":"info","message":"All supplement notifications scheduled successfully","service":"apex-biotics-api","timestamp":"2025-09-22 19:01:06"}
{"level":"info","message":"Server is running on http://localhost:5000","service":"apex-biotics-api","timestamp":"2025-09-22 19:01:06"}
{"level":"info","message":"All supplement notifications scheduled successfully","service":"apex-biotics-api","timestamp":"2025-09-22 19:03:09"}
{"level":"info","message":"Server is running on http://localhost:5000","service":"apex-biotics-api","timestamp":"2025-09-22 19:03:09"}
{"level":"http","message":{"duration":"453ms","ip":"::1","method":"DELETE","requestId":null,"status":200,"url":"/api/supplements/70dc3f65-f59e-4ebc-a269-78b1c950a97d/delete?scope=all","userAgent":"PostmanRuntime/7.47.1","userId":"68643ec66f91fafad2288530"},"service":"apex-biotics-api","timestamp":"2025-09-22 19:03:18"}
{"level":"http","message":"::1 - - [22/Sep/2025:14:03:18 +0000] \"DELETE /api/supplements/70dc3f65-f59e-4ebc-a269-78b1c950a97d/delete?scope=all HTTP/1.1\" 200 70 \"-\" \"PostmanRuntime/7.47.1\"","service":"apex-biotics-api","timestamp":"2025-09-22 19:03:18"}
{"level":"http","message":{"duration":"499ms","ip":"::1","method":"POST","requestBody":"{\"name\":\"Every Other day testing  with cycle id\",\"form\":\"Tablet\",\"reason\":\"Relaxation\",\"time\":\"21:00\",\"frequency\":\"Every other day\",\"day\":5}","requestId":null,"status":201,"url":"/api/supplements","userAgent":"PostmanRuntime/7.47.1","userId":"68643ec66f91fafad2288530"},"service":"apex-biotics-api","timestamp":"2025-09-22 19:03:56"}
{"level":"http","message":"::1 - - [22/Sep/2025:14:03:56 +0000] \"POST /api/supplements HTTP/1.1\" 201 9501 \"-\" \"PostmanRuntime/7.47.1\"","service":"apex-biotics-api","timestamp":"2025-09-22 19:03:56"}
{"level":"http","message":{"duration":"430ms","ip":"::1","method":"DELETE","requestId":null,"status":200,"url":"/api/supplements/68d1574b432c932b357d2f83/delete?scope=all","userAgent":"PostmanRuntime/7.47.1","userId":"68643ec66f91fafad2288530"},"service":"apex-biotics-api","timestamp":"2025-09-22 19:04:13"}
{"level":"http","message":"::1 - - [22/Sep/2025:14:04:13 +0000] \"DELETE /api/supplements/68d1574b432c932b357d2f83/delete?scope=all HTTP/1.1\" 200 69 \"-\" \"PostmanRuntime/7.47.1\"","service":"apex-biotics-api","timestamp":"2025-09-22 19:04:13"}
{"level":"http","message":{"duration":"428ms","ip":"::1","method":"DELETE","requestId":null,"status":200,"url":"/api/supplements/68d1574b432c932b357d2f83/delete?scope=today","userAgent":"PostmanRuntime/7.47.1","userId":"68643ec66f91fafad2288530"},"service":"apex-biotics-api","timestamp":"2025-09-22 19:04:19"}
{"level":"http","message":"::1 - - [22/Sep/2025:14:04:19 +0000] \"DELETE /api/supplements/68d1574b432c932b357d2f83/delete?scope=today HTTP/1.1\" 200 57 \"-\" \"PostmanRuntime/7.47.1\"","service":"apex-biotics-api","timestamp":"2025-09-22 19:04:19"}
{"level":"http","message":{"duration":"220ms","ip":"::1","method":"DELETE","requestId":null,"status":500,"url":"/api/supplements/259f0c8f-4edb-4439-af97-506b5414e0d2/delete?scope=today","userAgent":"PostmanRuntime/7.47.1","userId":"68643ec66f91fafad2288530"},"service":"apex-biotics-api","timestamp":"2025-09-22 19:04:38"}
{"level":"http","message":"::1 - - [22/Sep/2025:14:04:38 +0000] \"DELETE /api/supplements/259f0c8f-4edb-4439-af97-506b5414e0d2/delete?scope=today HTTP/1.1\" 500 182 \"-\" \"PostmanRuntime/7.47.1\"","service":"apex-biotics-api","timestamp":"2025-09-22 19:04:38"}
{"level":"http","message":{"duration":"428ms","ip":"::1","method":"DELETE","requestId":null,"status":200,"url":"/api/supplements/259f0c8f-4edb-4439-af97-506b5414e0d2/delete?scope=all","userAgent":"PostmanRuntime/7.47.1","userId":"68643ec66f91fafad2288530"},"service":"apex-biotics-api","timestamp":"2025-09-22 19:04:46"}
{"level":"http","message":"::1 - - [22/Sep/2025:14:04:46 +0000] \"DELETE /api/supplements/259f0c8f-4edb-4439-af97-506b5414e0d2/delete?scope=all HTTP/1.1\" 200 70 \"-\" \"PostmanRuntime/7.47.1\"","service":"apex-biotics-api","timestamp":"2025-09-22 19:04:46"}
{"level":"info","message":"All supplement notifications scheduled successfully","service":"apex-biotics-api","timestamp":"2025-09-22 19:11:56"}
{"level":"info","message":"Server is running on http://localhost:5000","service":"apex-biotics-api","timestamp":"2025-09-22 19:11:56"}
{"level":"info","message":"All supplement notifications scheduled successfully","service":"apex-biotics-api","timestamp":"2025-09-22 19:12:28"}
{"level":"info","message":"Server is running on http://localhost:5000","service":"apex-biotics-api","timestamp":"2025-09-22 19:12:28"}
{"level":"info","message":"All supplement notifications scheduled successfully","service":"apex-biotics-api","timestamp":"2025-09-22 19:12:55"}
{"level":"info","message":"Server is running on http://localhost:5000","service":"apex-biotics-api","timestamp":"2025-09-22 19:12:55"}
{"level":"http","message":{"duration":"3ms","ip":"::1","method":"PUT","requestBody":"{\"pills\":3}","requestId":null,"status":401,"url":"/api/supplements/68d14ba02f13a3e106baeecc/pills","userAgent":"PostmanRuntime/7.47.1","userId":null},"service":"apex-biotics-api","timestamp":"2025-09-22 19:14:07"}
{"level":"http","message":"::1 - - [22/Sep/2025:14:14:07 +0000] \"PUT /api/supplements/68d14ba02f13a3e106baeecc/pills HTTP/1.1\" 401 68 \"-\" \"PostmanRuntime/7.47.1\"","service":"apex-biotics-api","timestamp":"2025-09-22 19:14:07"}
{"level":"http","message":{"duration":"487ms","ip":"::1","method":"PUT","requestBody":"{\"pills\":3}","requestId":null,"status":200,"url":"/api/supplements/68d14ba02f13a3e106baeecc/pills","userAgent":"PostmanRuntime/7.47.1","userId":"68643ec66f91fafad2288530"},"service":"apex-biotics-api","timestamp":"2025-09-22 19:14:14"}
{"level":"http","message":"::1 - - [22/Sep/2025:14:14:14 +0000] \"PUT /api/supplements/68d14ba02f13a3e106baeecc/pills HTTP/1.1\" 200 425 \"-\" \"PostmanRuntime/7.47.1\"","service":"apex-biotics-api","timestamp":"2025-09-22 19:14:14"}
