{"level":"http","message":{"duration":"640ms","ip":"::1","method":"DELETE","requestId":null,"status":200,"url":"/api/supplements/ff8d2303-0b27-4851-ac54-9a4a4c816a7e/delete?scope=all","userAgent":"PostmanRuntime/7.47.1","userId":"68643ec66f91fafad2288530"},"service":"apex-biotics-api","timestamp":"2025-09-24 11:22:17"}
{"level":"http","message":"::1 - - [24/Sep/2025:06:22:17 +0000] \"DELETE /api/supplements/ff8d2303-0b27-4851-ac54-9a4a4c816a7e/delete?scope=all HTTP/1.1\" 200 70 \"-\" \"PostmanRuntime/7.47.1\"","service":"apex-biotics-api","timestamp":"2025-09-24 11:22:17"}
{"level":"info","message":"All supplement notifications scheduled successfully","service":"apex-biotics-api","timestamp":"2025-09-24 11:36:42"}
{"level":"info","message":"Server is running on http://localhost:5000","service":"apex-biotics-api","timestamp":"2025-09-24 11:36:42"}
{"level":"warn","message":"Route not found","method":"PUT","path":"/api/supplements","service":"apex-biotics-api","timestamp":"2025-09-24 11:37:21"}
{"level":"http","message":{"duration":"300ms","ip":"::1","method":"PUT","requestBody":"{\"name\":\"Every Other day testing 24/9/25\",\"form\":\"Tablet\",\"reason\":\"Relaxation\",\"time\":\"21:00\",\"frequency\":\"Every other day\",\"day\":0}","requestId":null,"status":404,"url":"/api/supplements","userAgent":"PostmanRuntime/7.47.1","userId":"68643ec66f91fafad2288530"},"service":"apex-biotics-api","timestamp":"2025-09-24 11:37:21"}
{"level":"http","message":"::1 - - [24/Sep/2025:06:37:21 +0000] \"PUT /api/supplements HTTP/1.1\" 404 45 \"-\" \"PostmanRuntime/7.47.1\"","service":"apex-biotics-api","timestamp":"2025-09-24 11:37:21"}
{"level":"http","message":{"duration":"80549ms","ip":"::1","method":"POST","requestBody":"{\"name\":\"Every Other day testing 24/9/25\",\"form\":\"Tablet\",\"reason\":\"Relaxation\",\"time\":\"21:00\",\"frequency\":\"Every other day\",\"day\":0}","requestId":null,"status":201,"url":"/api/supplements","userAgent":"PostmanRuntime/7.47.1","userId":"68643ec66f91fafad2288530"},"service":"apex-biotics-api","timestamp":"2025-09-24 11:40:02"}
{"level":"http","message":"::1 - - [24/Sep/2025:06:40:02 +0000] \"POST /api/supplements HTTP/1.1\" 201 66154 \"-\" \"PostmanRuntime/7.47.1\"","service":"apex-biotics-api","timestamp":"2025-09-24 11:40:02"}
{"level":"info","message":"All supplement notifications scheduled successfully","service":"apex-biotics-api","timestamp":"2025-09-24 11:45:28"}
{"level":"info","message":"Server is running on http://localhost:5000","service":"apex-biotics-api","timestamp":"2025-09-24 11:45:28"}
{"level":"http","message":{"duration":"6860ms","ip":"::1","method":"POST","requestBody":"{\"name\":\"Every Other day testing 24/9/25\",\"form\":\"Tablet\",\"reason\":\"Relaxation\",\"time\":\"21:00\",\"frequency\":\"Every other day\",\"day\":0}","requestId":null,"status":201,"url":"/api/supplements","userAgent":"PostmanRuntime/7.47.1","userId":"68643ec66f91fafad2288530"},"service":"apex-biotics-api","timestamp":"2025-09-24 11:45:39"}
{"level":"http","message":"::1 - - [24/Sep/2025:06:45:39 +0000] \"POST /api/supplements HTTP/1.1\" 201 5564 \"-\" \"PostmanRuntime/7.47.1\"","service":"apex-biotics-api","timestamp":"2025-09-24 11:45:39"}
{"level":"http","message":{"duration":"5099ms","ip":"::1","method":"POST","requestBody":"{\"name\":\"Every Other day testing 24/9/25\",\"form\":\"Tablet\",\"reason\":\"Relaxation\",\"time\":\"21:00\",\"frequency\":\"Every other day\",\"day\":2}","requestId":null,"status":201,"url":"/api/supplements","userAgent":"PostmanRuntime/7.47.1","userId":"68643ec66f91fafad2288530"},"service":"apex-biotics-api","timestamp":"2025-09-24 11:46:51"}
{"level":"http","message":"::1 - - [24/Sep/2025:06:46:51 +0000] \"POST /api/supplements HTTP/1.1\" 201 4104 \"-\" \"PostmanRuntime/7.47.1\"","service":"apex-biotics-api","timestamp":"2025-09-24 11:46:51"}
{"level":"info","message":"All supplement notifications scheduled successfully","service":"apex-biotics-api","timestamp":"2025-09-24 11:50:19"}
{"level":"info","message":"Server is running on http://localhost:5000","service":"apex-biotics-api","timestamp":"2025-09-24 11:50:19"}
{"level":"http","message":{"duration":"2302ms","ip":"::1","method":"POST","requestBody":"{\"name\":\"Every tuesday testing on 24/9/25\",\"form\":\"Tablet\",\"reason\":\"Immunity\",\"time\":\"09:00\",\"frequency\":\"Every day\",\"day\":2}","requestId":null,"status":201,"url":"/api/supplements","userAgent":"PostmanRuntime/7.47.1","userId":"68643ec66f91fafad2288530"},"service":"apex-biotics-api","timestamp":"2025-09-24 11:50:27"}
{"level":"http","message":"::1 - - [24/Sep/2025:06:50:27 +0000] \"POST /api/supplements HTTP/1.1\" 201 1539 \"-\" \"PostmanRuntime/7.47.1\"","service":"apex-biotics-api","timestamp":"2025-09-24 11:50:27"}
{"level":"http","message":{"duration":"1691ms","ip":"::1","method":"POST","requestBody":"{\"name\":\"Specific day of the week\",\"form\":\"Tablet\",\"reason\":\"Metabolism\",\"time\":\"07:45\",\"frequency\":\"Specific days of the week\",\"daysOfWeek\":[1,3,5]}","requestId":null,"status":201,"url":"/api/supplements","userAgent":"PostmanRuntime/7.47.1","userId":"68643ec66f91fafad2288530"},"service":"apex-biotics-api","timestamp":"2025-09-24 11:52:28"}
{"level":"http","message":"::1 - - [24/Sep/2025:06:52:28 +0000] \"POST /api/supplements HTTP/1.1\" 201 1173 \"-\" \"PostmanRuntime/7.47.1\"","service":"apex-biotics-api","timestamp":"2025-09-24 11:52:28"}
{"level":"info","message":"All supplement notifications scheduled successfully","service":"apex-biotics-api","timestamp":"2025-09-24 11:55:07"}
{"level":"info","message":"Server is running on http://localhost:5000","service":"apex-biotics-api","timestamp":"2025-09-24 11:55:07"}
{"level":"http","message":{"duration":"6887ms","ip":"::1","method":"POST","requestBody":"{\"name\":\"Specific day of the week 24/9/25\",\"form\":\"Tablet\",\"reason\":\"Metabolism\",\"time\":\"07:45\",\"frequency\":\"Specific days of the week\",\"daysOfWeek\":[1,3,5]}","requestId":null,"status":201,"url":"/api/supplements","userAgent":"PostmanRuntime/7.47.1","userId":"68643ec66f91fafad2288530"},"service":"apex-biotics-api","timestamp":"2025-09-24 11:56:27"}
{"level":"http","message":"::1 - - [24/Sep/2025:06:56:27 +0000] \"POST /api/supplements HTTP/1.1\" 201 5223 \"-\" \"PostmanRuntime/7.47.1\"","service":"apex-biotics-api","timestamp":"2025-09-24 11:56:27"}
{"level":"http","message":{"duration":"3814ms","ip":"::1","method":"POST","requestBody":"{\"name\":\"recurring testing 24/9/25\",\"form\":\"Tablet\",\"reason\":\"Anemia\",\"time\":\"10:00\",\"frequency\":\"On a recurring cycle\",\"cycle\":{\"startDate\":\"2025-09-24\",\"endDate\":\"2025-10-15\",\"repeat\":3}}","requestId":null,"status":201,"url":"/api/supplements","userAgent":"PostmanRuntime/7.47.1","userId":"68643ec66f91fafad2288530"},"service":"apex-biotics-api","timestamp":"2025-09-24 11:59:42"}
{"level":"http","message":"::1 - - [24/Sep/2025:06:59:42 +0000] \"POST /api/supplements HTTP/1.1\" 201 2934 \"-\" \"PostmanRuntime/7.47.1\"","service":"apex-biotics-api","timestamp":"2025-09-24 11:59:42"}
{"level":"http","message":{"duration":"2082ms","ip":"::1","method":"POST","requestBody":"{\"name\":\"Every tuesday testing 24/9/25\",\"form\":\"Tablet\",\"reason\":\"Immunity boost\",\"time\":\"08:00\",\"frequency\":\"Every X days\",\"day\":2}","requestId":null,"status":201,"url":"/api/supplements","userAgent":"PostmanRuntime/7.47.1","userId":"68643ec66f91fafad2288530"},"service":"apex-biotics-api","timestamp":"2025-09-24 12:01:55"}
{"level":"http","message":"::1 - - [24/Sep/2025:07:01:55 +0000] \"POST /api/supplements HTTP/1.1\" 201 1554 \"-\" \"PostmanRuntime/7.47.1\"","service":"apex-biotics-api","timestamp":"2025-09-24 12:01:55"}
{"level":"http","message":{"duration":"2127ms","ip":"::1","method":"POST","requestBody":"{\"name\":\"Every tuesday testing on 24/9/25\",\"form\":\"Tablet\",\"reason\":\"Immunity\",\"time\":\"09:00\",\"frequency\":\"Every day\",\"day\":2}","requestId":null,"status":201,"url":"/api/supplements","userAgent":"PostmanRuntime/7.47.1","userId":"68643ec66f91fafad2288530"},"service":"apex-biotics-api","timestamp":"2025-09-24 12:03:00"}
{"level":"http","message":"::1 - - [24/Sep/2025:07:03:00 +0000] \"POST /api/supplements HTTP/1.1\" 201 1539 \"-\" \"PostmanRuntime/7.47.1\"","service":"apex-biotics-api","timestamp":"2025-09-24 12:03:00"}
