{"level":"info","message":"All supplement notifications scheduled successfully","service":"apex-biotics-api","timestamp":"2025-08-26 11:30:36"}
{"level":"info","message":"Server is running on http://localhost:5000","service":"apex-biotics-api","timestamp":"2025-08-26 11:30:36"}
{"level":"warn","message":"Route not found","method":"POST","path":"/api/login","service":"apex-biotics-api","timestamp":"2025-08-26 11:36:32"}
{"level":"http","message":{"duration":"56ms","ip":"::1","method":"POST","requestBody":"{\"email\":\"mashoodhussain100@gmail.com\",\"password\":\"mashood123\",\"deviceToken\":\"asdsdsafda\"}","requestId":null,"status":404,"url":"/api/login","userAgent":"PostmanRuntime/7.45.0","userId":null},"service":"apex-biotics-api","timestamp":"2025-08-26 11:36:32"}
{"level":"http","message":"::1 - - [26/Aug/2025:06:36:32 +0000] \"POST /api/login HTTP/1.1\" 404 45 \"-\" \"PostmanRuntime/7.45.0\"","service":"apex-biotics-api","timestamp":"2025-08-26 11:36:32"}
{"level":"warn","message":"Route not found","method":"POST","path":"/login","service":"apex-biotics-api","timestamp":"2025-08-26 11:36:45"}
{"level":"http","message":{"duration":"2ms","ip":"::1","method":"POST","requestBody":"{\"email\":\"mashoodhussain100@gmail.com\",\"password\":\"mashood123\",\"deviceToken\":\"asdsdsafda\"}","requestId":null,"status":404,"url":"/login","userAgent":"PostmanRuntime/7.45.0","userId":null},"service":"apex-biotics-api","timestamp":"2025-08-26 11:36:45"}
{"level":"http","message":"::1 - - [26/Aug/2025:06:36:45 +0000] \"POST /login HTTP/1.1\" 404 45 \"-\" \"PostmanRuntime/7.45.0\"","service":"apex-biotics-api","timestamp":"2025-08-26 11:36:45"}
{"level":"warn","message":"Route not found","method":"POST","path":"/login","service":"apex-biotics-api","timestamp":"2025-08-26 11:38:04"}
{"level":"http","message":{"duration":"2ms","ip":"::1","method":"POST","requestBody":"{\"email\":\"mashoodhussain100@gmail.com\",\"password\":\"mashood123\",\"deviceToken\":\"asdsdsafda\"}","requestId":null,"status":404,"url":"/login","userAgent":"PostmanRuntime/7.45.0","userId":null},"service":"apex-biotics-api","timestamp":"2025-08-26 11:38:04"}
{"level":"http","message":"::1 - - [26/Aug/2025:06:38:04 +0000] \"POST /login HTTP/1.1\" 404 45 \"-\" \"PostmanRuntime/7.45.0\"","service":"apex-biotics-api","timestamp":"2025-08-26 11:38:04"}
{"level":"warn","message":"Route not found","method":"POST","path":"/auth/login","service":"apex-biotics-api","timestamp":"2025-08-26 11:38:23"}
{"level":"http","message":{"duration":"2ms","ip":"::1","method":"POST","requestBody":"{\"email\":\"mashoodhussain100@gmail.com\",\"password\":\"mashood123\",\"deviceToken\":\"asdsdsafda\"}","requestId":null,"status":404,"url":"/auth/login","userAgent":"PostmanRuntime/7.45.0","userId":null},"service":"apex-biotics-api","timestamp":"2025-08-26 11:38:23"}
{"level":"http","message":"::1 - - [26/Aug/2025:06:38:23 +0000] \"POST /auth/login HTTP/1.1\" 404 45 \"-\" \"PostmanRuntime/7.45.0\"","service":"apex-biotics-api","timestamp":"2025-08-26 11:38:23"}
{"level":"warn","message":"Route not found","method":"POST","path":"/auth/login","service":"apex-biotics-api","timestamp":"2025-08-26 11:39:47"}
{"level":"http","message":{"duration":"1ms","ip":"::1","method":"POST","requestBody":"{\"email\":\"mashoodhussain100@gmail.com\",\"password\":\"mashood123\",\"deviceToken\":\"asdsdsafda\"}","requestId":null,"status":404,"url":"/auth/login","userAgent":"PostmanRuntime/7.45.0","userId":null},"service":"apex-biotics-api","timestamp":"2025-08-26 11:39:47"}
{"level":"http","message":"::1 - - [26/Aug/2025:06:39:47 +0000] \"POST /auth/login HTTP/1.1\" 404 45 \"-\" \"PostmanRuntime/7.45.0\"","service":"apex-biotics-api","timestamp":"2025-08-26 11:39:47"}
{"level":"http","message":{"duration":"788ms","ip":"::1","method":"POST","requestBody":"{\"email\":\"mashoodhussain100@gmail.com\",\"password\":\"mashood123\",\"deviceToken\":\"asdsdsafda\"}","requestId":null,"status":200,"url":"/api/auth/login","userAgent":"PostmanRuntime/7.45.0","userId":null},"service":"apex-biotics-api","timestamp":"2025-08-26 11:41:46"}
{"level":"http","message":"::1 - - [26/Aug/2025:06:41:46 +0000] \"POST /api/auth/login HTTP/1.1\" 200 519 \"-\" \"PostmanRuntime/7.45.0\"","service":"apex-biotics-api","timestamp":"2025-08-26 11:41:46"}
{"level":"http","message":{"duration":"1ms","ip":"::1","method":"GET","requestBody":"","requestId":null,"status":401,"url":"/api/notifications","userAgent":"PostmanRuntime/7.45.0","userId":null},"service":"apex-biotics-api","timestamp":"2025-08-26 12:06:50"}
{"level":"http","message":"::1 - - [26/Aug/2025:07:06:50 +0000] \"GET /api/notifications HTTP/1.1\" 401 53 \"-\" \"PostmanRuntime/7.45.0\"","service":"apex-biotics-api","timestamp":"2025-08-26 12:06:50"}
{"level":"http","message":{"duration":"0ms","ip":"::1","method":"GET","requestBody":"","requestId":null,"status":401,"url":"/api/notifications","userAgent":"PostmanRuntime/7.45.0","userId":null},"service":"apex-biotics-api","timestamp":"2025-08-26 12:18:59"}
{"level":"http","message":"::1 - - [26/Aug/2025:07:18:59 +0000] \"GET /api/notifications HTTP/1.1\" 401 53 \"-\" \"PostmanRuntime/7.45.0\"","service":"apex-biotics-api","timestamp":"2025-08-26 12:18:59"}
{"level":"warn","message":"Route not found","method":"GET","path":"/api/auth/login","service":"apex-biotics-api","timestamp":"2025-08-26 12:20:43"}
{"level":"http","message":{"duration":"2ms","ip":"::1","method":"GET","requestBody":"","requestId":null,"status":404,"url":"/api/auth/login","userAgent":"PostmanRuntime/7.45.0","userId":null},"service":"apex-biotics-api","timestamp":"2025-08-26 12:20:43"}
{"level":"http","message":"::1 - - [26/Aug/2025:07:20:43 +0000] \"GET /api/auth/login HTTP/1.1\" 404 45 \"-\" \"PostmanRuntime/7.45.0\"","service":"apex-biotics-api","timestamp":"2025-08-26 12:20:43"}
{"level":"http","message":{"duration":"1685ms","ip":"::1","method":"POST","requestBody":"{\"email\":\"mashoodhussain100@gmail.com\",\"password\":\"mashood123\",\"deviceToken\":\"asdsdsafda\"}","requestId":null,"status":200,"url":"/api/auth/login","userAgent":"PostmanRuntime/7.45.0","userId":null},"service":"apex-biotics-api","timestamp":"2025-08-26 12:21:05"}
{"level":"http","message":"::1 - - [26/Aug/2025:07:21:05 +0000] \"POST /api/auth/login HTTP/1.1\" 200 519 \"-\" \"PostmanRuntime/7.45.0\"","service":"apex-biotics-api","timestamp":"2025-08-26 12:21:05"}
{"level":"http","message":{"duration":"958ms","ip":"::1","method":"GET","requestBody":"","requestId":null,"status":200,"url":"/api/notifications","userAgent":"PostmanRuntime/7.45.0","userId":"68643ec66f91fafad2288530"},"service":"apex-biotics-api","timestamp":"2025-08-26 12:22:25"}
{"level":"http","message":"::1 - - [26/Aug/2025:07:22:25 +0000] \"GET /api/notifications HTTP/1.1\" 200 17382 \"-\" \"PostmanRuntime/7.45.0\"","service":"apex-biotics-api","timestamp":"2025-08-26 12:22:25"}
{"level":"http","message":{"duration":"471ms","ip":"::1","method":"POST","requestBody":"{\"email\":\"mashoodhussain100@gmail.com\",\"password\":\"mashood123\",\"deviceToken\":\"asdsdsafda\"}","requestId":null,"status":200,"url":"/api/auth/login","userAgent":"PostmanRuntime/7.45.0","userId":null},"service":"apex-biotics-api","timestamp":"2025-08-26 12:24:15"}
{"level":"http","message":"::1 - - [26/Aug/2025:07:24:15 +0000] \"POST /api/auth/login HTTP/1.1\" 200 519 \"-\" \"PostmanRuntime/7.45.0\"","service":"apex-biotics-api","timestamp":"2025-08-26 12:24:15"}
{"level":"http","message":{"duration":"393ms","ip":"::1","method":"DELETE","requestId":null,"status":500,"url":"/api/notifications/NOTIFICATION_ID","userAgent":"PostmanRuntime/7.45.0","userId":"68643ec66f91fafad2288530"},"service":"apex-biotics-api","timestamp":"2025-08-26 12:26:04"}
{"level":"http","message":"::1 - - [26/Aug/2025:07:26:04 +0000] \"DELETE /api/notifications/NOTIFICATION_ID HTTP/1.1\" 500 163 \"-\" \"PostmanRuntime/7.45.0\"","service":"apex-biotics-api","timestamp":"2025-08-26 12:26:04"}
{"level":"warn","message":"Route not found","method":"DELETE","path":"/api%20notifications/NOTIFICATION_ID","service":"apex-biotics-api","timestamp":"2025-08-26 12:29:11"}
{"level":"http","message":{"duration":"4ms","ip":"::1","method":"DELETE","requestId":null,"status":404,"url":"/api%20notifications/NOTIFICATION_ID","userAgent":"PostmanRuntime/7.45.0","userId":null},"service":"apex-biotics-api","timestamp":"2025-08-26 12:29:11"}
{"level":"http","message":"::1 - - [26/Aug/2025:07:29:11 +0000] \"DELETE /api%20notifications/NOTIFICATION_ID HTTP/1.1\" 404 45 \"-\" \"PostmanRuntime/7.45.0\"","service":"apex-biotics-api","timestamp":"2025-08-26 12:29:11"}
{"level":"warn","message":"Route not found","method":"DELETE","path":"/api%20/notifications/NOTIFICATION_ID","service":"apex-biotics-api","timestamp":"2025-08-26 12:29:28"}
{"level":"http","message":{"duration":"1ms","ip":"::1","method":"DELETE","requestId":null,"status":404,"url":"/api%20/notifications/NOTIFICATION_ID","userAgent":"PostmanRuntime/7.45.0","userId":null},"service":"apex-biotics-api","timestamp":"2025-08-26 12:29:28"}
{"level":"http","message":"::1 - - [26/Aug/2025:07:29:28 +0000] \"DELETE /api%20/notifications/NOTIFICATION_ID HTTP/1.1\" 404 45 \"-\" \"PostmanRuntime/7.45.0\"","service":"apex-biotics-api","timestamp":"2025-08-26 12:29:28"}
{"level":"warn","message":"Route not found","method":"DELETE","path":"/api%20/notifications/68ac2610b48fe758120b5ef3","service":"apex-biotics-api","timestamp":"2025-08-26 12:31:23"}
{"level":"http","message":{"duration":"2ms","ip":"::1","method":"DELETE","requestId":null,"status":404,"url":"/api%20/notifications/68ac2610b48fe758120b5ef3","userAgent":"PostmanRuntime/7.45.0","userId":null},"service":"apex-biotics-api","timestamp":"2025-08-26 12:31:23"}
{"level":"http","message":"::1 - - [26/Aug/2025:07:31:23 +0000] \"DELETE /api%20/notifications/68ac2610b48fe758120b5ef3 HTTP/1.1\" 404 45 \"-\" \"PostmanRuntime/7.45.0\"","service":"apex-biotics-api","timestamp":"2025-08-26 12:31:23"}
{"level":"http","message":{"duration":"465ms","ip":"::1","method":"DELETE","requestId":null,"status":200,"url":"/api/notifications/68ac2610b48fe758120b5ef3","userAgent":"PostmanRuntime/7.45.0","userId":"68643ec66f91fafad2288530"},"service":"apex-biotics-api","timestamp":"2025-08-26 12:32:43"}
{"level":"http","message":"::1 - - [26/Aug/2025:07:32:43 +0000] \"DELETE /api/notifications/68ac2610b48fe758120b5ef3 HTTP/1.1\" 200 26 \"-\" \"PostmanRuntime/7.45.0\"","service":"apex-biotics-api","timestamp":"2025-08-26 12:32:43"}
{"level":"warn","message":"Route not found","method":"DELETE","path":"/api%20/notifications/68ac2610b48fe758120b5ef3","service":"apex-biotics-api","timestamp":"2025-08-26 12:38:26"}
{"level":"http","message":{"duration":"1ms","ip":"::1","method":"DELETE","requestId":null,"status":404,"url":"/api%20/notifications/68ac2610b48fe758120b5ef3","userAgent":"PostmanRuntime/7.45.0","userId":null},"service":"apex-biotics-api","timestamp":"2025-08-26 12:38:26"}
{"level":"http","message":"::1 - - [26/Aug/2025:07:38:26 +0000] \"DELETE /api%20/notifications/68ac2610b48fe758120b5ef3 HTTP/1.1\" 404 45 \"-\" \"PostmanRuntime/7.45.0\"","service":"apex-biotics-api","timestamp":"2025-08-26 12:38:26"}
{"level":"http","message":{"duration":"1ms","ip":"::1","method":"DELETE","requestId":null,"status":401,"url":"/api/notifications/68ac2610b48fe758120b5ef3","userAgent":"PostmanRuntime/7.45.0","userId":null},"service":"apex-biotics-api","timestamp":"2025-08-26 12:38:39"}
{"level":"http","message":"::1 - - [26/Aug/2025:07:38:39 +0000] \"DELETE /api/notifications/68ac2610b48fe758120b5ef3 HTTP/1.1\" 401 53 \"-\" \"PostmanRuntime/7.45.0\"","service":"apex-biotics-api","timestamp":"2025-08-26 12:38:39"}
{"level":"http","message":{"duration":"0ms","ip":"::1","method":"PUT","requestId":null,"status":401,"url":"/api/notifications/68ac2610b48fe758120b5ef3","userAgent":"PostmanRuntime/7.45.0","userId":null},"service":"apex-biotics-api","timestamp":"2025-08-26 12:38:49"}
{"level":"http","message":"::1 - - [26/Aug/2025:07:38:49 +0000] \"PUT /api/notifications/68ac2610b48fe758120b5ef3 HTTP/1.1\" 401 53 \"-\" \"PostmanRuntime/7.45.0\"","service":"apex-biotics-api","timestamp":"2025-08-26 12:38:49"}
{"level":"http","message":{"duration":"465ms","ip":"::1","method":"PUT","requestId":null,"status":404,"url":"/api/notifications/68ac2610b48fe758120b5ef3","userAgent":"PostmanRuntime/7.45.0","userId":"68643ec66f91fafad2288530"},"service":"apex-biotics-api","timestamp":"2025-08-26 12:39:23"}
{"level":"http","message":"::1 - - [26/Aug/2025:07:39:23 +0000] \"PUT /api/notifications/68ac2610b48fe758120b5ef3 HTTP/1.1\" 404 52 \"-\" \"PostmanRuntime/7.45.0\"","service":"apex-biotics-api","timestamp":"2025-08-26 12:39:23"}
{"level":"warn","message":"Route not found","method":"DELETE","path":"/api/supplements","service":"apex-biotics-api","timestamp":"2025-08-26 12:45:52"}
{"level":"http","message":{"duration":"572ms","ip":"::1","method":"DELETE","requestId":null,"status":404,"url":"/api/supplements","userAgent":"PostmanRuntime/7.45.0","userId":"68643ec66f91fafad2288530"},"service":"apex-biotics-api","timestamp":"2025-08-26 12:45:52"}
{"level":"http","message":"::1 - - [26/Aug/2025:07:45:52 +0000] \"DELETE /api/supplements HTTP/1.1\" 404 45 \"-\" \"PostmanRuntime/7.45.0\"","service":"apex-biotics-api","timestamp":"2025-08-26 12:45:52"}
{"level":"warn","message":"Route not found","method":"DELETE","path":"/api/getSupplementsByDay","service":"apex-biotics-api","timestamp":"2025-08-26 12:48:25"}
{"level":"http","message":{"duration":"2ms","ip":"::1","method":"DELETE","requestId":null,"status":404,"url":"/api/getSupplementsByDay","userAgent":"PostmanRuntime/7.45.0","userId":null},"service":"apex-biotics-api","timestamp":"2025-08-26 12:48:25"}
{"level":"http","message":"::1 - - [26/Aug/2025:07:48:25 +0000] \"DELETE /api/getSupplementsByDay HTTP/1.1\" 404 45 \"-\" \"PostmanRuntime/7.45.0\"","service":"apex-biotics-api","timestamp":"2025-08-26 12:48:25"}
{"level":"warn","message":"Route not found","method":"DELETE","path":"/api/getSupplementsByDay//68ac2610b48fe758120b5ef3","service":"apex-biotics-api","timestamp":"2025-08-26 12:48:58"}
{"level":"http","message":{"duration":"3ms","ip":"::1","method":"DELETE","requestId":null,"status":404,"url":"/api/getSupplementsByDay//68ac2610b48fe758120b5ef3","userAgent":"PostmanRuntime/7.45.0","userId":null},"service":"apex-biotics-api","timestamp":"2025-08-26 12:48:58"}
{"level":"http","message":"::1 - - [26/Aug/2025:07:48:58 +0000] \"DELETE /api/getSupplementsByDay//68ac2610b48fe758120b5ef3 HTTP/1.1\" 404 45 \"-\" \"PostmanRuntime/7.45.0\"","service":"apex-biotics-api","timestamp":"2025-08-26 12:48:58"}
{"level":"warn","message":"Route not found","method":"DELETE","path":"/api/getSupplementsByDay/68ac2610b48fe758120b5ef3","service":"apex-biotics-api","timestamp":"2025-08-26 12:49:07"}
{"level":"http","message":{"duration":"1ms","ip":"::1","method":"DELETE","requestId":null,"status":404,"url":"/api/getSupplementsByDay/68ac2610b48fe758120b5ef3","userAgent":"PostmanRuntime/7.45.0","userId":null},"service":"apex-biotics-api","timestamp":"2025-08-26 12:49:07"}
{"level":"http","message":"::1 - - [26/Aug/2025:07:49:07 +0000] \"DELETE /api/getSupplementsByDay/68ac2610b48fe758120b5ef3 HTTP/1.1\" 404 45 \"-\" \"PostmanRuntime/7.45.0\"","service":"apex-biotics-api","timestamp":"2025-08-26 12:49:07"}
{"level":"warn","message":"Route not found","method":"GET","path":"/api/getSupplementsByDay","service":"apex-biotics-api","timestamp":"2025-08-26 12:52:10"}
{"level":"http","message":{"duration":"2ms","ip":"::1","method":"GET","requestBody":"","requestId":null,"status":404,"url":"/api/getSupplementsByDay","userAgent":"PostmanRuntime/7.45.0","userId":null},"service":"apex-biotics-api","timestamp":"2025-08-26 12:52:10"}
{"level":"http","message":"::1 - - [26/Aug/2025:07:52:10 +0000] \"GET /api/getSupplementsByDay HTTP/1.1\" 404 45 \"-\" \"PostmanRuntime/7.45.0\"","service":"apex-biotics-api","timestamp":"2025-08-26 12:52:10"}
{"level":"warn","message":"Route not found","method":"GET","path":"/api/%20getTodaysSupplements","service":"apex-biotics-api","timestamp":"2025-08-26 12:52:53"}
{"level":"http","message":{"duration":"1ms","ip":"::1","method":"GET","requestBody":"","requestId":null,"status":404,"url":"/api/%20getTodaysSupplements","userAgent":"PostmanRuntime/7.45.0","userId":null},"service":"apex-biotics-api","timestamp":"2025-08-26 12:52:53"}
{"level":"http","message":"::1 - - [26/Aug/2025:07:52:53 +0000] \"GET /api/%20getTodaysSupplements HTTP/1.1\" 404 45 \"-\" \"PostmanRuntime/7.45.0\"","service":"apex-biotics-api","timestamp":"2025-08-26 12:52:53"}
{"level":"http","message":{"duration":"546ms","ip":"::1","method":"GET","requestBody":"","requestId":null,"status":200,"url":"/api/supplements","userAgent":"PostmanRuntime/7.45.0","userId":"68643ec66f91fafad2288530"},"service":"apex-biotics-api","timestamp":"2025-08-26 12:53:21"}
{"level":"http","message":"::1 - - [26/Aug/2025:07:53:21 +0000] \"GET /api/supplements HTTP/1.1\" 200 5722 \"-\" \"PostmanRuntime/7.45.0\"","service":"apex-biotics-api","timestamp":"2025-08-26 12:53:21"}
{"level":"http","message":{"duration":"676ms","ip":"::1","method":"GET","requestBody":"","requestId":null,"status":200,"url":"/api/supplements","userAgent":"PostmanRuntime/7.45.0","userId":"68643ec66f91fafad2288530"},"service":"apex-biotics-api","timestamp":"2025-08-26 12:56:19"}
{"level":"http","message":"::1 - - [26/Aug/2025:07:56:19 +0000] \"GET /api/supplements HTTP/1.1\" 200 5722 \"-\" \"PostmanRuntime/7.45.0\"","service":"apex-biotics-api","timestamp":"2025-08-26 12:56:19"}
{"level":"http","message":{"duration":"1ms","ip":"::1","method":"POST","requestBody":"{\"name\":\"Vitamin D\",\"dosage\":\"1000 IU\",\"frequency\":\"daily\"}","requestId":null,"status":401,"url":"/api/supplements","userAgent":"PostmanRuntime/7.45.0","userId":null},"service":"apex-biotics-api","timestamp":"2025-08-26 12:59:42"}
{"level":"http","message":"::1 - - [26/Aug/2025:07:59:42 +0000] \"POST /api/supplements HTTP/1.1\" 401 68 \"-\" \"PostmanRuntime/7.45.0\"","service":"apex-biotics-api","timestamp":"2025-08-26 12:59:42"}
{"level":"http","message":{"duration":"223ms","ip":"::1","method":"POST","requestBody":"{\"name\":\"Vitamin D\",\"dosage\":\"1000 IU\",\"frequency\":\"daily\"}","requestId":null,"status":400,"url":"/api/supplements","userAgent":"PostmanRuntime/7.45.0","userId":"68643ec66f91fafad2288530"},"service":"apex-biotics-api","timestamp":"2025-08-26 13:00:37"}
{"level":"http","message":"::1 - - [26/Aug/2025:08:00:37 +0000] \"POST /api/supplements HTTP/1.1\" 400 93 \"-\" \"PostmanRuntime/7.45.0\"","service":"apex-biotics-api","timestamp":"2025-08-26 13:00:37"}
{"level":"http","message":{"duration":"0ms","ip":"::1","method":"GET","requestBody":"","requestId":null,"status":401,"url":"/api/supplements/SUPPLEMENT_ID","userAgent":"PostmanRuntime/7.45.0","userId":null},"service":"apex-biotics-api","timestamp":"2025-08-26 13:02:48"}
{"level":"http","message":"::1 - - [26/Aug/2025:08:02:48 +0000] \"GET /api/supplements/SUPPLEMENT_ID HTTP/1.1\" 401 53 \"-\" \"PostmanRuntime/7.45.0\"","service":"apex-biotics-api","timestamp":"2025-08-26 13:02:48"}
{"level":"http","message":{"duration":"219ms","ip":"::1","method":"GET","requestBody":"","requestId":null,"status":500,"url":"/api/supplements/SUPPLEMENT_ID","userAgent":"PostmanRuntime/7.45.0","userId":"68643ec66f91fafad2288530"},"service":"apex-biotics-api","timestamp":"2025-08-26 13:02:57"}
{"level":"http","message":"::1 - - [26/Aug/2025:08:02:57 +0000] \"GET /api/supplements/SUPPLEMENT_ID HTTP/1.1\" 500 159 \"-\" \"PostmanRuntime/7.45.0\"","service":"apex-biotics-api","timestamp":"2025-08-26 13:02:57"}
{"level":"http","message":{"duration":"218ms","ip":"::1","method":"GET","requestBody":"","requestId":null,"status":500,"url":"/api/supplements/SUPPLEMENT_ID","userAgent":"PostmanRuntime/7.45.0","userId":"68643ec66f91fafad2288530"},"service":"apex-biotics-api","timestamp":"2025-08-26 13:03:30"}
{"level":"http","message":"::1 - - [26/Aug/2025:08:03:30 +0000] \"GET /api/supplements/SUPPLEMENT_ID HTTP/1.1\" 500 159 \"-\" \"PostmanRuntime/7.45.0\"","service":"apex-biotics-api","timestamp":"2025-08-26 13:03:30"}
{"level":"warn","message":"Route not found","method":"GET","path":"/api/supplements/SUPPLEMENT_ID/68ac2610b48fe758120b5ef3","service":"apex-biotics-api","timestamp":"2025-08-26 13:03:51"}
{"level":"http","message":{"duration":"220ms","ip":"::1","method":"GET","requestBody":"","requestId":null,"status":404,"url":"/api/supplements/SUPPLEMENT_ID/68ac2610b48fe758120b5ef3","userAgent":"PostmanRuntime/7.45.0","userId":"68643ec66f91fafad2288530"},"service":"apex-biotics-api","timestamp":"2025-08-26 13:03:51"}
{"level":"http","message":"::1 - - [26/Aug/2025:08:03:51 +0000] \"GET /api/supplements/SUPPLEMENT_ID/68ac2610b48fe758120b5ef3 HTTP/1.1\" 404 45 \"-\" \"PostmanRuntime/7.45.0\"","service":"apex-biotics-api","timestamp":"2025-08-26 13:03:51"}
{"level":"http","message":{"duration":"219ms","ip":"::1","method":"GET","requestBody":"","requestId":null,"status":500,"url":"/api/supplements/SUPPLEMENT_ID/","userAgent":"PostmanRuntime/7.45.0","userId":"68643ec66f91fafad2288530"},"service":"apex-biotics-api","timestamp":"2025-08-26 13:11:55"}
{"level":"http","message":"::1 - - [26/Aug/2025:08:11:55 +0000] \"GET /api/supplements/SUPPLEMENT_ID/ HTTP/1.1\" 500 159 \"-\" \"PostmanRuntime/7.45.0\"","service":"apex-biotics-api","timestamp":"2025-08-26 13:11:55"}
{"level":"http","message":{"duration":"217ms","ip":"::1","method":"GET","requestBody":"","requestId":null,"status":500,"url":"/api/supplements/SUPPLEMENT_ID","userAgent":"PostmanRuntime/7.45.0","userId":"68643ec66f91fafad2288530"},"service":"apex-biotics-api","timestamp":"2025-08-26 13:12:01"}
{"level":"http","message":"::1 - - [26/Aug/2025:08:12:01 +0000] \"GET /api/supplements/SUPPLEMENT_ID HTTP/1.1\" 500 159 \"-\" \"PostmanRuntime/7.45.0\"","service":"apex-biotics-api","timestamp":"2025-08-26 13:12:01"}
{"level":"warn","message":"Route not found","method":"POST","path":"/api/supplements/SUPPLEMENT_ID","service":"apex-biotics-api","timestamp":"2025-08-26 13:16:14"}
{"level":"http","message":{"duration":"226ms","ip":"::1","method":"POST","requestBody":"{\"name\":\"Vitamin D\",\"dosage\":\"1000 IU\",\"frequency\":\"daily\"}","requestId":null,"status":404,"url":"/api/supplements/SUPPLEMENT_ID","userAgent":"PostmanRuntime/7.45.0","userId":"68643ec66f91fafad2288530"},"service":"apex-biotics-api","timestamp":"2025-08-26 13:16:14"}
{"level":"http","message":"::1 - - [26/Aug/2025:08:16:14 +0000] \"POST /api/supplements/SUPPLEMENT_ID HTTP/1.1\" 404 45 \"-\" \"PostmanRuntime/7.45.0\"","service":"apex-biotics-api","timestamp":"2025-08-26 13:16:14"}
{"level":"http","message":{"duration":"7106ms","ip":"::1","method":"POST","requestBody":"{\"name\":\"Vitamin D\",\"dosage\":\"1000 IU\",\"frequency\":\"daily\"}","requestId":null,"status":400,"url":"/api/supplements","userAgent":"PostmanRuntime/7.45.0","userId":"68643ec66f91fafad2288530"},"service":"apex-biotics-api","timestamp":"2025-08-26 13:16:49"}
{"level":"http","message":"::1 - - [26/Aug/2025:08:16:49 +0000] \"POST /api/supplements HTTP/1.1\" 400 93 \"-\" \"PostmanRuntime/7.45.0\"","service":"apex-biotics-api","timestamp":"2025-08-26 13:16:49"}
{"error":"Expected ',' or '}' after property value in JSON at position 75 (line 5 column 5)","level":"error","message":"Server error","path":"/api/supplements","service":"apex-biotics-api","stack":"SyntaxError: Expected ',' or '}' after property value in JSON at position 75 (line 5 column 5)\n    at JSON.parse (<anonymous>)\n    at parse (E:\\appex-backend\\node_modules\\body-parser\\lib\\types\\json.js:77:19)\n    at E:\\appex-backend\\node_modules\\body-parser\\lib\\read.js:123:18\n    at AsyncResource.runInAsyncScope (node:async_hooks:214:14)\n    at invokeCallback (E:\\appex-backend\\node_modules\\raw-body\\index.js:238:16)\n    at done (E:\\appex-backend\\node_modules\\raw-body\\index.js:227:7)\n    at IncomingMessage.onEnd (E:\\appex-backend\\node_modules\\raw-body\\index.js:287:7)\n    at IncomingMessage.emit (node:events:518:28)\n    at endReadableNT (node:internal/streams/readable:1698:12)\n    at process.processTicksAndRejections (node:internal/process/task_queues:90:21)","timestamp":"2025-08-26 13:27:17"}
{"level":"http","message":{"duration":"233ms","ip":"::1","method":"POST","requestBody":"{\"name\":\"Vitamin D\",\"form\":\"1000 IU\",\"day\":0,\"time\":\"2 times a day \"}","requestId":null,"status":400,"url":"/api/supplements","userAgent":"PostmanRuntime/7.45.0","userId":"68643ec66f91fafad2288530"},"service":"apex-biotics-api","timestamp":"2025-08-26 13:30:19"}
{"level":"http","message":"::1 - - [26/Aug/2025:08:30:19 +0000] \"POST /api/supplements HTTP/1.1\" 400 103 \"-\" \"PostmanRuntime/7.45.0\"","service":"apex-biotics-api","timestamp":"2025-08-26 13:30:19"}
{"level":"http","message":{"duration":"213ms","ip":"::1","method":"POST","requestBody":"{\"name\":\"Vitamin D\",\"form\":\"1000 IU\",\"day\":0,\"time\":\"12:00 \"}","requestId":null,"status":400,"url":"/api/supplements","userAgent":"PostmanRuntime/7.45.0","userId":"68643ec66f91fafad2288530"},"service":"apex-biotics-api","timestamp":"2025-08-26 13:30:49"}
{"level":"http","message":"::1 - - [26/Aug/2025:08:30:49 +0000] \"POST /api/supplements HTTP/1.1\" 400 103 \"-\" \"PostmanRuntime/7.45.0\"","service":"apex-biotics-api","timestamp":"2025-08-26 13:30:49"}
{"level":"http","message":{"duration":"1022ms","ip":"::1","method":"POST","requestBody":"{\"name\":\"Vitamin D\",\"form\":\"1000 IU\",\"day\":0,\"time\":\"12:00\"}","requestId":null,"status":201,"url":"/api/supplements","userAgent":"PostmanRuntime/7.45.0","userId":"68643ec66f91fafad2288530"},"service":"apex-biotics-api","timestamp":"2025-08-26 13:31:26"}
{"level":"http","message":"::1 - - [26/Aug/2025:08:31:26 +0000] \"POST /api/supplements HTTP/1.1\" 201 381 \"-\" \"PostmanRuntime/7.45.0\"","service":"apex-biotics-api","timestamp":"2025-08-26 13:31:26"}
{"level":"http","message":{"duration":"28478ms","ip":"::1","method":"GET","requestBody":"","requestId":null,"status":200,"url":"/api/supplements","userAgent":"PostmanRuntime/7.45.0","userId":"68643ec66f91fafad2288530"},"service":"apex-biotics-api","timestamp":"2025-08-26 15:45:44"}
{"level":"http","message":"::1 - - [26/Aug/2025:10:45:44 +0000] \"GET /api/supplements HTTP/1.1\" 200 6006 \"-\" \"PostmanRuntime/7.45.0\"","service":"apex-biotics-api","timestamp":"2025-08-26 15:45:44"}
{"level":"http","message":{"duration":"40776ms","ip":"::1","method":"GET","requestBody":"","requestId":null,"status":401,"url":"/api/supplements","userAgent":"PostmanRuntime/7.45.0","userId":null},"service":"apex-biotics-api","timestamp":"2025-08-26 15:50:54"}
{"level":"http","message":"::1 - - [26/Aug/2025:10:50:54 +0000] \"GET /api/supplements HTTP/1.1\" 401 70 \"-\" \"PostmanRuntime/7.45.0\"","service":"apex-biotics-api","timestamp":"2025-08-26 15:50:54"}
{"level":"http","message":{"duration":"30121ms","ip":"::1","method":"GET","requestBody":"","requestId":null,"status":401,"url":"/api/supplements","userAgent":"PostmanRuntime/7.45.0","userId":null},"service":"apex-biotics-api","timestamp":"2025-08-26 15:51:51"}
{"level":"http","message":"::1 - - [26/Aug/2025:10:51:51 +0000] \"GET /api/supplements HTTP/1.1\" 401 91 \"-\" \"PostmanRuntime/7.45.0\"","service":"apex-biotics-api","timestamp":"2025-08-26 15:51:51"}
{"level":"http","message":{"duration":"48769ms","ip":"::1","method":"GET","requestBody":"","requestId":null,"status":200,"url":"/api/supplements","userAgent":"PostmanRuntime/7.45.0","userId":"68643ec66f91fafad2288530"},"service":"apex-biotics-api","timestamp":"2025-08-26 15:53:15"}
{"level":"http","message":"::1 - - [26/Aug/2025:10:53:15 +0000] \"GET /api/supplements HTTP/1.1\" 200 6006 \"-\" \"PostmanRuntime/7.45.0\"","service":"apex-biotics-api","timestamp":"2025-08-26 15:53:15"}
{"level":"http","message":{"duration":"4404ms","ip":"::1","method":"POST","requestBody":"{\"name\":\"Vitamin D\",\"form\":\"1000 IU\",\"day\":0,\"time\":\"12:00\"}","requestId":null,"status":201,"url":"/api/supplements","userAgent":"PostmanRuntime/7.45.0","userId":"68643ec66f91fafad2288530"},"service":"apex-biotics-api","timestamp":"2025-08-26 16:15:08"}
{"level":"http","message":"::1 - - [26/Aug/2025:11:15:08 +0000] \"POST /api/supplements HTTP/1.1\" 201 381 \"-\" \"PostmanRuntime/7.45.0\"","service":"apex-biotics-api","timestamp":"2025-08-26 16:15:08"}
{"level":"http","message":{"duration":"3023ms","ip":"::1","method":"POST","requestBody":"{\"name\":\"Vitamin u\",\"form\":\"1000 IU\",\"day\":7,\"time\":\"14:00\"}","requestId":null,"status":400,"url":"/api/supplements","userAgent":"PostmanRuntime/7.45.0","userId":"68643ec66f91fafad2288530"},"service":"apex-biotics-api","timestamp":"2025-08-26 16:16:45"}
{"level":"http","message":"::1 - - [26/Aug/2025:11:16:45 +0000] \"POST /api/supplements HTTP/1.1\" 400 86 \"-\" \"PostmanRuntime/7.45.0\"","service":"apex-biotics-api","timestamp":"2025-08-26 16:16:45"}
{"level":"http","message":{"duration":"973ms","ip":"::1","method":"POST","requestBody":"{\"name\":\"Vitamin u\",\"form\":\"1000 IU\",\"day\":5,\"time\":\"14:00\"}","requestId":null,"status":201,"url":"/api/supplements","userAgent":"PostmanRuntime/7.45.0","userId":"68643ec66f91fafad2288530"},"service":"apex-biotics-api","timestamp":"2025-08-26 16:17:02"}
{"level":"http","message":"::1 - - [26/Aug/2025:11:17:02 +0000] \"POST /api/supplements HTTP/1.1\" 201 381 \"-\" \"PostmanRuntime/7.45.0\"","service":"apex-biotics-api","timestamp":"2025-08-26 16:17:02"}
{"level":"http","message":{"duration":"595ms","ip":"::1","method":"GET","requestBody":"","requestId":null,"status":200,"url":"/api/supplements","userAgent":"PostmanRuntime/7.45.0","userId":"68643ec66f91fafad2288530"},"service":"apex-biotics-api","timestamp":"2025-08-26 16:50:08"}
{"level":"http","message":"::1 - - [26/Aug/2025:11:50:08 +0000] \"GET /api/supplements HTTP/1.1\" 200 6576 \"-\" \"PostmanRuntime/7.45.0\"","service":"apex-biotics-api","timestamp":"2025-08-26 16:50:08"}
{"level":"warn","message":"Route not found","method":"POST","path":"/api/recordProgress/68a780b175042c0da5f0ebed%0A","service":"apex-biotics-api","timestamp":"2025-08-26 16:53:49"}
{"level":"http","message":{"duration":"380ms","ip":"::1","method":"POST","requestId":null,"status":404,"url":"/api/recordProgress/68a780b175042c0da5f0ebed%0A","userAgent":"PostmanRuntime/7.45.0","userId":null},"service":"apex-biotics-api","timestamp":"2025-08-26 16:53:50"}
{"level":"http","message":"::1 - - [26/Aug/2025:11:53:50 +0000] \"POST /api/recordProgress/68a780b175042c0da5f0ebed%0A HTTP/1.1\" 404 45 \"-\" \"PostmanRuntime/7.45.0\"","service":"apex-biotics-api","timestamp":"2025-08-26 16:53:50"}
{"level":"warn","message":"Route not found","method":"POST","path":"/api/progress/record/68a780b175042c0da5f0ebed%0A","service":"apex-biotics-api","timestamp":"2025-08-26 16:56:31"}
{"level":"http","message":{"duration":"403ms","ip":"::1","method":"POST","requestId":null,"status":404,"url":"/api/progress/record/68a780b175042c0da5f0ebed%0A","userAgent":"PostmanRuntime/7.45.0","userId":"68643ec66f91fafad2288530"},"service":"apex-biotics-api","timestamp":"2025-08-26 16:56:31"}
{"level":"http","message":"::1 - - [26/Aug/2025:11:56:31 +0000] \"POST /api/progress/record/68a780b175042c0da5f0ebed%0A HTTP/1.1\" 404 45 \"-\" \"PostmanRuntime/7.45.0\"","service":"apex-biotics-api","timestamp":"2025-08-26 16:56:31"}
{"level":"warn","message":"Route not found","method":"GET","path":"/api/progress/record","service":"apex-biotics-api","timestamp":"2025-08-26 17:03:08"}
{"level":"http","message":{"duration":"270ms","ip":"::1","method":"GET","requestBody":"","requestId":null,"status":404,"url":"/api/progress/record","userAgent":"PostmanRuntime/7.45.0","userId":"68643ec66f91fafad2288530"},"service":"apex-biotics-api","timestamp":"2025-08-26 17:03:08"}
{"level":"http","message":"::1 - - [26/Aug/2025:12:03:08 +0000] \"GET /api/progress/record HTTP/1.1\" 404 45 \"-\" \"PostmanRuntime/7.45.0\"","service":"apex-biotics-api","timestamp":"2025-08-26 17:03:08"}
{"level":"http","message":{"duration":"1037ms","ip":"::1","method":"POST","requestBody":"{\"supplement\":\"64f1a2c9e9b1d2c34a123456\",\"date\":\"2025-08-26T10:30:00.000Z\",\"taken\":true,\"takenAt\":\"2025-08-26T11:00:00.000Z\",\"missedReason\":\"Forgot to take in morning\",\"notes\":\"Taken with breakfast\"}","requestId":null,"status":400,"url":"/api/progress/record","userAgent":"PostmanRuntime/7.45.0","userId":"68643ec66f91fafad2288530"},"service":"apex-biotics-api","timestamp":"2025-08-26 17:03:24"}
{"level":"http","message":"::1 - - [26/Aug/2025:12:03:24 +0000] \"POST /api/progress/record HTTP/1.1\" 400 65 \"-\" \"PostmanRuntime/7.45.0\"","service":"apex-biotics-api","timestamp":"2025-08-26 17:03:24"}
{"level":"http","message":{"duration":"225ms","ip":"::1","method":"POST","requestBody":"{\"supplement\":\"68a780b175042c0da5f0ebed\",\"date\":\"2025-08-26\",\"taken\":true,\"takenAt\":\"2025-08-26T11:00:00.000Z\",\"missedReason\":\"Forgot to take in morning\",\"notes\":\"Taken with breakfast\"}","requestId":null,"status":400,"url":"/api/progress/record","userAgent":"PostmanRuntime/7.45.0","userId":"68643ec66f91fafad2288530"},"service":"apex-biotics-api","timestamp":"2025-08-26 17:04:26"}
{"level":"http","message":"::1 - - [26/Aug/2025:12:04:26 +0000] \"POST /api/progress/record HTTP/1.1\" 400 65 \"-\" \"PostmanRuntime/7.45.0\"","service":"apex-biotics-api","timestamp":"2025-08-26 17:04:26"}
{"level":"http","message":{"duration":"30092ms","ip":"::1","method":"POST","requestBody":"{\"supplementId\":\"68a780b175042c0da5f0ebed\",\"date\":\"\",\"taken\":true,\"takenAt\":\"2025-08-26T11:00:00.000Z\",\"missedReason\":\"Forgot to take in morning\",\"notes\":\"Taken with breakfast\"}","requestId":null,"status":401,"url":"/api/progress/record","userAgent":"PostmanRuntime/7.45.0","userId":null},"service":"apex-biotics-api","timestamp":"2025-08-26 17:13:21"}
{"level":"http","message":"::1 - - [26/Aug/2025:12:13:21 +0000] \"POST /api/progress/record HTTP/1.1\" 401 119 \"-\" \"PostmanRuntime/7.45.0\"","service":"apex-biotics-api","timestamp":"2025-08-26 17:13:21"}
{"level":"http","message":{"duration":"30005ms","ip":"::1","method":"POST","requestBody":"{\"supplementId\":\"68a780b175042c0da5f0ebed\",\"date\":\"\",\"taken\":true,\"takenAt\":\"2025-08-26T11:00:00.000Z\",\"missedReason\":\"Forgot to take in morning\",\"notes\":\"Taken with breakfast\"}","requestId":null,"status":401,"url":"/api/progress/record","userAgent":"PostmanRuntime/7.45.0","userId":null},"service":"apex-biotics-api","timestamp":"2025-08-26 17:14:24"}
{"level":"http","message":"::1 - - [26/Aug/2025:12:14:24 +0000] \"POST /api/progress/record HTTP/1.1\" 401 119 \"-\" \"PostmanRuntime/7.45.0\"","service":"apex-biotics-api","timestamp":"2025-08-26 17:14:24"}
{"level":"http","message":{"duration":"30005ms","ip":"::1","method":"POST","requestBody":"{\"supplementId\":\"68a780b175042c0da5f0ebed\",\"date\":\"\",\"taken\":true,\"takenAt\":\"2025-08-26T11:00:00.000Z\",\"missedReason\":\"Forgot to take in morning\",\"notes\":\"Taken with breakfast\"}","requestId":null,"status":401,"url":"/api/progress/record","userAgent":"PostmanRuntime/7.45.0","userId":null},"service":"apex-biotics-api","timestamp":"2025-08-26 17:16:05"}
{"level":"http","message":"::1 - - [26/Aug/2025:12:16:05 +0000] \"POST /api/progress/record HTTP/1.1\" 401 119 \"-\" \"PostmanRuntime/7.45.0\"","service":"apex-biotics-api","timestamp":"2025-08-26 17:16:05"}
{"level":"warn","message":"Route not found","method":"POST","path":"/auth/login","service":"apex-biotics-api","timestamp":"2025-08-26 17:18:15"}
{"level":"http","message":{"duration":"1ms","ip":"::1","method":"POST","requestBody":"{\"email\":\"mashoodhussain100@gmail.com\",\"password\":\"mashood123\",\"deviceToken\":\"asdsdsafda\"}","requestId":null,"status":404,"url":"/auth/login","userAgent":"PostmanRuntime/7.45.0","userId":null},"service":"apex-biotics-api","timestamp":"2025-08-26 17:18:15"}
{"level":"http","message":"::1 - - [26/Aug/2025:12:18:15 +0000] \"POST /auth/login HTTP/1.1\" 404 45 \"-\" \"PostmanRuntime/7.45.0\"","service":"apex-biotics-api","timestamp":"2025-08-26 17:18:15"}
{"level":"http","message":{"duration":"30721ms","ip":"::1","method":"POST","requestBody":"{\"email\":\"mashoodhussain100@gmail.com\",\"password\":\"mashood123\",\"deviceToken\":\"asdsdsafda\"}","requestId":null,"status":500,"url":"/api/auth/login","userAgent":"PostmanRuntime/7.45.0","userId":null},"service":"apex-biotics-api","timestamp":"2025-08-26 17:19:08"}
{"level":"http","message":"::1 - - [26/Aug/2025:12:19:08 +0000] \"POST /api/auth/login HTTP/1.1\" 500 117 \"-\" \"PostmanRuntime/7.45.0\"","service":"apex-biotics-api","timestamp":"2025-08-26 17:19:08"}
{"level":"http","message":{"duration":"30005ms","ip":"::1","method":"POST","requestBody":"{\"email\":\"mashoodhussain100@gmail.com\",\"password\":\"mashood123\",\"deviceToken\":\"asdsdsafda\"}","requestId":null,"status":500,"url":"/api/auth/login","userAgent":"PostmanRuntime/7.45.0","userId":null},"service":"apex-biotics-api","timestamp":"2025-08-26 17:20:20"}
{"level":"http","message":"::1 - - [26/Aug/2025:12:20:20 +0000] \"POST /api/auth/login HTTP/1.1\" 500 117 \"-\" \"PostmanRuntime/7.45.0\"","service":"apex-biotics-api","timestamp":"2025-08-26 17:20:20"}
{"level":"http","message":{"duration":"30017ms","ip":"::1","method":"POST","requestBody":"{\"email\":\"mashoodhussain100@gmail.com\",\"password\":\"mashood123\",\"deviceToken\":\"asdsdsafda\"}","requestId":null,"status":500,"url":"/api/auth/login","userAgent":"PostmanRuntime/7.45.0","userId":null},"service":"apex-biotics-api","timestamp":"2025-08-26 17:22:52"}
{"level":"http","message":"::1 - - [26/Aug/2025:12:22:52 +0000] \"POST /api/auth/login HTTP/1.1\" 500 117 \"-\" \"PostmanRuntime/7.45.0\"","service":"apex-biotics-api","timestamp":"2025-08-26 17:22:52"}
{"level":"http","message":{"duration":"30007ms","ip":"::1","method":"POST","requestBody":"{\"name\":\"Vitamin u\",\"form\":\"1000 IU\",\"day\":5,\"time\":\"14:00\"}","requestId":null,"status":401,"url":"/api/supplements","userAgent":"PostmanRuntime/7.45.0","userId":null},"service":"apex-biotics-api","timestamp":"2025-08-26 17:24:44"}
{"level":"http","message":"::1 - - [26/Aug/2025:12:24:44 +0000] \"POST /api/supplements HTTP/1.1\" 401 119 \"-\" \"PostmanRuntime/7.45.0\"","service":"apex-biotics-api","timestamp":"2025-08-26 17:24:44"}
{"level":"http","message":{"duration":"5824ms","ip":"::1","method":"POST","requestBody":"{\"name\":\"Vitamin u\",\"form\":\"1000 IU\",\"day\":5,\"time\":\"14:00\"}","requestId":null,"status":201,"url":"/api/supplements","userAgent":"PostmanRuntime/7.45.0","userId":"68643ec66f91fafad2288530"},"service":"apex-biotics-api","timestamp":"2025-08-26 17:26:51"}
{"level":"http","message":"::1 - - [26/Aug/2025:12:26:51 +0000] \"POST /api/supplements HTTP/1.1\" 201 381 \"-\" \"PostmanRuntime/7.45.0\"","service":"apex-biotics-api","timestamp":"2025-08-26 17:26:51"}
{"level":"http","message":{"duration":"775ms","ip":"::1","method":"POST","requestBody":"{\"email\":\"mashoodhussain100@gmail.com\",\"password\":\"mashood123\",\"deviceToken\":\"asdsdsafda\"}","requestId":null,"status":200,"url":"/api/auth/login","userAgent":"PostmanRuntime/7.45.0","userId":null},"service":"apex-biotics-api","timestamp":"2025-08-26 17:27:20"}
{"level":"http","message":"::1 - - [26/Aug/2025:12:27:20 +0000] \"POST /api/auth/login HTTP/1.1\" 200 519 \"-\" \"PostmanRuntime/7.45.0\"","service":"apex-biotics-api","timestamp":"2025-08-26 17:27:20"}
{"level":"http","message":{"duration":"214ms","ip":"::1","method":"POST","requestBody":"{\"supplementId\":\"68a780b175042c0da5f0ebed\",\"date\":\"\",\"taken\":true,\"takenAt\":\"2025-08-26T11:00:00.000Z\",\"missedReason\":\"Forgot to take in morning\",\"notes\":\"Taken with breakfast\"}","requestId":null,"status":400,"url":"/api/progress/record","userAgent":"PostmanRuntime/7.45.0","userId":"68643ec66f91fafad2288530"},"service":"apex-biotics-api","timestamp":"2025-08-26 17:28:12"}
{"level":"http","message":"::1 - - [26/Aug/2025:12:28:12 +0000] \"POST /api/progress/record HTTP/1.1\" 400 65 \"-\" \"PostmanRuntime/7.45.0\"","service":"apex-biotics-api","timestamp":"2025-08-26 17:28:12"}
{"level":"http","message":{"duration":"216ms","ip":"::1","method":"POST","requestBody":"{\"supplementID\":\"68a780b175042c0da5f0ebed\",\"date\":\"12:06:2025\",\"taken\":true,\"takenAt\":\"2025-08-26T11:00:00.000Z\",\"missedReason\":\"Forgot to take in morning\",\"notes\":\"Taken with breakfast\"}","requestId":null,"status":400,"url":"/api/progress/record","userAgent":"PostmanRuntime/7.45.0","userId":"68643ec66f91fafad2288530"},"service":"apex-biotics-api","timestamp":"2025-08-26 17:30:00"}
{"level":"http","message":"::1 - - [26/Aug/2025:12:30:00 +0000] \"POST /api/progress/record HTTP/1.1\" 400 65 \"-\" \"PostmanRuntime/7.45.0\"","service":"apex-biotics-api","timestamp":"2025-08-26 17:30:00"}
{"level":"http","message":{"duration":"299ms","ip":"::1","method":"POST","requestBody":"{\"supplementID\":\"68a780b175042c0da5f0ebed\",\"date\":\"12:06:2025\",\"taken\":true,\"takenAt\":\"2025-08-26T11:00:00.000Z\",\"missedReason\":\"Forgot to take in morning\",\"notes\":\"Taken with breakfast\"}","requestId":null,"status":400,"url":"/api/progress/record","userAgent":"PostmanRuntime/7.45.0","userId":"68643ec66f91fafad2288530"},"service":"apex-biotics-api","timestamp":"2025-08-26 17:30:02"}
{"level":"http","message":"::1 - - [26/Aug/2025:12:30:02 +0000] \"POST /api/progress/record HTTP/1.1\" 400 65 \"-\" \"PostmanRuntime/7.45.0\"","service":"apex-biotics-api","timestamp":"2025-08-26 17:30:02"}
{"level":"http","message":{"duration":"207ms","ip":"::1","method":"POST","requestBody":"{\"supplementID\":\"68a780b175042c0da5f0ebed\",\"date\":\"12:06:2025\",\"taken\":true,\"takenAt\":\"2025-08-26T11:00:00.000Z\",\"missedReason\":\"Forgot to take in morning\",\"notes\":\"Taken with breakfast\"}","requestId":null,"status":400,"url":"/api/progress/record","userAgent":"PostmanRuntime/7.45.0","userId":"68643ec66f91fafad2288530"},"service":"apex-biotics-api","timestamp":"2025-08-26 17:30:13"}
{"level":"http","message":"::1 - - [26/Aug/2025:12:30:13 +0000] \"POST /api/progress/record HTTP/1.1\" 400 65 \"-\" \"PostmanRuntime/7.45.0\"","service":"apex-biotics-api","timestamp":"2025-08-26 17:30:13"}
{"level":"http","message":{"duration":"235ms","ip":"::1","method":"POST","requestBody":"{\"supplementID\":\"68a780b175042c0da5f0ebed\",\"date\":\"12:06:2025\",\"taken\":true,\"takenAt\":\"2025-08-26T11:00:00.000Z\",\"missedReason\":\"Forgot to take in morning\",\"notes\":\"Taken with breakfast\"}","requestId":null,"status":400,"url":"/api/progress/record","userAgent":"PostmanRuntime/7.45.0","userId":"68643ec66f91fafad2288530"},"service":"apex-biotics-api","timestamp":"2025-08-26 17:30:23"}
{"level":"http","message":"::1 - - [26/Aug/2025:12:30:23 +0000] \"POST /api/progress/record HTTP/1.1\" 400 65 \"-\" \"PostmanRuntime/7.45.0\"","service":"apex-biotics-api","timestamp":"2025-08-26 17:30:23"}
{"level":"http","message":{"duration":"3862ms","ip":"::1","method":"POST","requestBody":"{\"SupplementID\":\"68a780b175042c0da5f0ebed\",\"date\":\"12:06:2025\",\"taken\":true,\"takenAt\":\"2025-08-26T11:00:00.000Z\",\"missedReason\":\"Forgot to take in morning\",\"notes\":\"Taken with breakfast\"}","requestId":null,"status":400,"url":"/api/progress/record","userAgent":"PostmanRuntime/7.45.0","userId":"68643ec66f91fafad2288530"},"service":"apex-biotics-api","timestamp":"2025-08-26 17:30:58"}
{"level":"http","message":"::1 - - [26/Aug/2025:12:30:58 +0000] \"POST /api/progress/record HTTP/1.1\" 400 65 \"-\" \"PostmanRuntime/7.45.0\"","service":"apex-biotics-api","timestamp":"2025-08-26 17:30:58"}
{"level":"http","message":{"duration":"733ms","ip":"::1","method":"POST","requestBody":"{\"SupplementID\":\"68a780b175042c0da5f0ebed\",\"date\":\"12:06:2025\",\"taken\":true,\"takenAt\":\"2025-08-26T11:00:00.000Z\",\"missedReason\":\"Forgot to take in morning\",\"notes\":\"Taken with breakfast\"}","requestId":null,"status":400,"url":"/api/progress/record","userAgent":"PostmanRuntime/7.45.0","userId":"68643ec66f91fafad2288530"},"service":"apex-biotics-api","timestamp":"2025-08-26 17:33:03"}
{"level":"http","message":"::1 - - [26/Aug/2025:12:33:03 +0000] \"POST /api/progress/record HTTP/1.1\" 400 65 \"-\" \"PostmanRuntime/7.45.0\"","service":"apex-biotics-api","timestamp":"2025-08-26 17:33:03"}
{"level":"http","message":{"duration":"338ms","ip":"::1","method":"POST","requestBody":"{\"SupplementID\":\"68a780b175042c0da5f0ebed\",\"date\":\"2025-06-12\",\"taken\":true,\"takenAt\":\"2025-08-26T11:00:00.000Z\",\"missedReason\":\"Forgot to take in morning\",\"notes\":\"Taken with breakfast\"}","requestId":null,"status":400,"url":"/api/progress/record","userAgent":"PostmanRuntime/7.45.0","userId":"68643ec66f91fafad2288530"},"service":"apex-biotics-api","timestamp":"2025-08-26 17:36:10"}
{"level":"http","message":"::1 - - [26/Aug/2025:12:36:10 +0000] \"POST /api/progress/record HTTP/1.1\" 400 65 \"-\" \"PostmanRuntime/7.45.0\"","service":"apex-biotics-api","timestamp":"2025-08-26 17:36:10"}
{"level":"http","message":{"duration":"2472ms","ip":"::1","method":"POST","requestBody":"{\"supplementId\":\"68a780b175042c0da5f0ebed\",\"date\":\"2025-06-12\",\"taken\":true,\"takenAt\":\"2025-08-26T11:00:00.000Z\",\"missedReason\":\"Forgot to take in morning\",\"notes\":\"Taken with breakfast\"}","requestId":null,"status":200,"url":"/api/progress/record","userAgent":"PostmanRuntime/7.45.0","userId":"68643ec66f91fafad2288530"},"service":"apex-biotics-api","timestamp":"2025-08-26 17:40:27"}
{"level":"http","message":"::1 - - [26/Aug/2025:12:40:27 +0000] \"POST /api/progress/record HTTP/1.1\" 200 376 \"-\" \"PostmanRuntime/7.45.0\"","service":"apex-biotics-api","timestamp":"2025-08-26 17:40:27"}
{"error":"Expected double-quoted property name in JSON at position 193 (line 9 column 1)","level":"error","message":"Server error","path":"/api/progress/record","service":"apex-biotics-api","stack":"SyntaxError: Expected double-quoted property name in JSON at position 193 (line 9 column 1)\n    at JSON.parse (<anonymous>)\n    at parse (E:\\appex-backend\\node_modules\\body-parser\\lib\\types\\json.js:77:19)\n    at E:\\appex-backend\\node_modules\\body-parser\\lib\\read.js:123:18\n    at AsyncResource.runInAsyncScope (node:async_hooks:214:14)\n    at invokeCallback (E:\\appex-backend\\node_modules\\raw-body\\index.js:238:16)\n    at done (E:\\appex-backend\\node_modules\\raw-body\\index.js:227:7)\n    at IncomingMessage.onEnd (E:\\appex-backend\\node_modules\\raw-body\\index.js:287:7)\n    at IncomingMessage.emit (node:events:518:28)\n    at endReadableNT (node:internal/streams/readable:1698:12)\n    at process.processTicksAndRejections (node:internal/process/task_queues:90:21)","timestamp":"2025-08-26 17:41:31"}
{"level":"http","message":{"duration":"994ms","ip":"::1","method":"POST","requestBody":"{\"supplementId\":\"68a780b175042c0da5f0ebed\",\"date\":\"2025-06-12\",\"taken\":true,\"takenAt\":\"2025-08-26T11:00:00.000Z\",\"missedReason\":\"Forgot to take in morning\"}","requestId":null,"status":200,"url":"/api/progress/record","userAgent":"PostmanRuntime/7.45.0","userId":"68643ec66f91fafad2288530"},"service":"apex-biotics-api","timestamp":"2025-08-26 17:41:42"}
{"level":"http","message":"::1 - - [26/Aug/2025:12:41:42 +0000] \"POST /api/progress/record HTTP/1.1\" 200 376 \"-\" \"PostmanRuntime/7.45.0\"","service":"apex-biotics-api","timestamp":"2025-08-26 17:41:42"}
{"level":"http","message":{"duration":"1214ms","ip":"::1","method":"POST","requestBody":"{\"supplementId\":\"68a780b175042c0da5f0ebed\",\"date\":\"2025-06-12\",\"taken\":true,\"takenAt\":\"2025-08-26T11:00:00.000Z\",\"missedReason\":\"Forgot to take in morning\"}","requestId":null,"status":200,"url":"/api/progress/record","userAgent":"PostmanRuntime/7.45.0","userId":"68643ec66f91fafad2288530"},"service":"apex-biotics-api","timestamp":"2025-08-26 17:42:16"}
{"level":"http","message":"::1 - - [26/Aug/2025:12:42:16 +0000] \"POST /api/progress/record HTTP/1.1\" 200 376 \"-\" \"PostmanRuntime/7.45.0\"","service":"apex-biotics-api","timestamp":"2025-08-26 17:42:16"}
{"level":"http","message":{"duration":"1348ms","ip":"::1","method":"POST","requestBody":"{\"supplementId\":\"68a780b175042c0da5f0ebed\",\"date\":\"2025-06-12\",\"taken\":true,\"takenAt\":\"2025-08-26T11:00:00.000Z\",\"missedReason\":\"Forgot to take in morning\",\"notes\":\"Taken with break\"}","requestId":null,"status":200,"url":"/api/progress/record","userAgent":"PostmanRuntime/7.45.0","userId":"68643ec66f91fafad2288530"},"service":"apex-biotics-api","timestamp":"2025-08-26 17:42:34"}
{"level":"http","message":"::1 - - [26/Aug/2025:12:42:34 +0000] \"POST /api/progress/record HTTP/1.1\" 200 372 \"-\" \"PostmanRuntime/7.45.0\"","service":"apex-biotics-api","timestamp":"2025-08-26 17:42:34"}
{"level":"http","message":{"duration":"884ms","ip":"::1","method":"POST","requestBody":"{\"name\":\"Vitamin l\",\"form\":\"1000 IU\",\"day\":5,\"time\":\"14:00\"}","requestId":null,"status":201,"url":"/api/supplements","userAgent":"PostmanRuntime/7.45.0","userId":"68643ec66f91fafad2288530"},"service":"apex-biotics-api","timestamp":"2025-08-26 17:45:01"}
{"level":"http","message":"::1 - - [26/Aug/2025:12:45:01 +0000] \"POST /api/supplements HTTP/1.1\" 201 381 \"-\" \"PostmanRuntime/7.45.0\"","service":"apex-biotics-api","timestamp":"2025-08-26 17:45:01"}
{"level":"http","message":{"duration":"868ms","ip":"::1","method":"POST","requestBody":"{\"supplementId\":\"68adac4d13b0e0b1b8cadcd0\",\"date\":\"2025-06-12\",\"taken\":true,\"takenAt\":\"2025-08-26T11:00:00.000Z\",\"missedReason\":\"Forgot to take in morning\",\"notes\":\"Taken with break\"}","requestId":null,"status":200,"url":"/api/progress/record","userAgent":"PostmanRuntime/7.45.0","userId":"68643ec66f91fafad2288530"},"service":"apex-biotics-api","timestamp":"2025-08-26 17:45:32"}
{"level":"http","message":"::1 - - [26/Aug/2025:12:45:32 +0000] \"POST /api/progress/record HTTP/1.1\" 200 372 \"-\" \"PostmanRuntime/7.45.0\"","service":"apex-biotics-api","timestamp":"2025-08-26 17:45:32"}
{"level":"warn","message":"Route not found","method":"POST","path":"/api/inviteFriend%0A","service":"apex-biotics-api","timestamp":"2025-08-26 18:39:42"}
{"level":"http","message":{"duration":"49ms","ip":"::1","method":"POST","requestBody":"{\"Content-Type\":\"application/json\",\"Authorization\":\"Bearer <your_jwt_token>\"}","requestId":null,"status":404,"url":"/api/inviteFriend%0A","userAgent":"PostmanRuntime/7.45.0","userId":null},"service":"apex-biotics-api","timestamp":"2025-08-26 18:39:42"}
{"level":"http","message":"::1 - - [26/Aug/2025:13:39:42 +0000] \"POST /api/inviteFriend%0A HTTP/1.1\" 404 45 \"-\" \"PostmanRuntime/7.45.0\"","service":"apex-biotics-api","timestamp":"2025-08-26 18:39:42"}
{"level":"warn","message":"Route not found","method":"POST","path":"/api/inviteFriend%0A","service":"apex-biotics-api","timestamp":"2025-08-26 18:42:35"}
{"level":"http","message":{"duration":"2ms","ip":"::1","method":"POST","requestId":null,"status":404,"url":"/api/inviteFriend%0A","userAgent":"PostmanRuntime/7.45.0","userId":null},"service":"apex-biotics-api","timestamp":"2025-08-26 18:42:35"}
{"level":"http","message":"::1 - - [26/Aug/2025:13:42:35 +0000] \"POST /api/inviteFriend%0A HTTP/1.1\" 404 45 \"-\" \"PostmanRuntime/7.45.0\"","service":"apex-biotics-api","timestamp":"2025-08-26 18:42:35"}
{"level":"warn","message":"Route not found","method":"POST","path":"/api/inviteFriend%0A","service":"apex-biotics-api","timestamp":"2025-08-26 18:42:51"}
{"level":"http","message":{"duration":"1ms","ip":"::1","method":"POST","requestId":null,"status":404,"url":"/api/inviteFriend%0A","userAgent":"PostmanRuntime/7.45.0","userId":null},"service":"apex-biotics-api","timestamp":"2025-08-26 18:42:51"}
{"level":"http","message":"::1 - - [26/Aug/2025:13:42:51 +0000] \"POST /api/inviteFriend%0A HTTP/1.1\" 404 45 \"-\" \"PostmanRuntime/7.45.0\"","service":"apex-biotics-api","timestamp":"2025-08-26 18:42:51"}
{"level":"http","message":{"duration":"17676ms","ip":"::1","method":"POST","requestBody":"{\"email\":\"friend@example.com\"}","requestId":null,"status":200,"url":"/api/friends/invite","userAgent":"PostmanRuntime/7.45.0","userId":"68643ec66f91fafad2288530"},"service":"apex-biotics-api","timestamp":"2025-08-26 18:44:18"}
{"level":"http","message":"::1 - - [26/Aug/2025:13:44:18 +0000] \"POST /api/friends/invite HTTP/1.1\" 200 157 \"-\" \"PostmanRuntime/7.45.0\"","service":"apex-biotics-api","timestamp":"2025-08-26 18:44:18"}
{"level":"http","message":{"duration":"4151ms","ip":"::1","method":"POST","requestBody":"{\"email\":\"saad12@yopmail.com\"}","requestId":null,"status":200,"url":"/api/friends/invite","userAgent":"PostmanRuntime/7.45.0","userId":"68643ec66f91fafad2288530"},"service":"apex-biotics-api","timestamp":"2025-08-26 18:46:33"}
{"level":"http","message":"::1 - - [26/Aug/2025:13:46:33 +0000] \"POST /api/friends/invite HTTP/1.1\" 200 157 \"-\" \"PostmanRuntime/7.45.0\"","service":"apex-biotics-api","timestamp":"2025-08-26 18:46:33"}
{"level":"http","message":{"duration":"5049ms","ip":"::1","method":"POST","requestBody":"{\"email\":\"saad12@yopmail.com\"}","requestId":null,"status":200,"url":"/api/friends/invite","userAgent":"PostmanRuntime/7.45.0","userId":"68643ec66f91fafad2288530"},"service":"apex-biotics-api","timestamp":"2025-08-26 19:04:48"}
{"level":"http","message":"::1 - - [26/Aug/2025:14:04:48 +0000] \"POST /api/friends/invite HTTP/1.1\" 200 157 \"-\" \"PostmanRuntime/7.45.0\"","service":"apex-biotics-api","timestamp":"2025-08-26 19:04:48"}
{"level":"info","message":"All supplement notifications scheduled successfully","service":"apex-biotics-api","timestamp":"2025-08-26 19:06:04"}
{"level":"info","message":"Server is running on http://localhost:5000","service":"apex-biotics-api","timestamp":"2025-08-26 19:06:04"}
{"level":"info","message":"All supplement notifications scheduled successfully","service":"apex-biotics-api","timestamp":"2025-08-26 19:09:25"}
{"level":"info","message":"Server is running on http://localhost:5000","service":"apex-biotics-api","timestamp":"2025-08-26 19:09:25"}
{"level":"info","message":"All supplement notifications scheduled successfully","service":"apex-biotics-api","timestamp":"2025-08-26 19:10:55"}
{"level":"info","message":"Server is running on http://localhost:5000","service":"apex-biotics-api","timestamp":"2025-08-26 19:10:55"}
{"level":"info","message":"All supplement notifications scheduled successfully","service":"apex-biotics-api","timestamp":"2025-08-26 19:11:28"}
{"level":"info","message":"Server is running on http://localhost:5000","service":"apex-biotics-api","timestamp":"2025-08-26 19:11:28"}
{"level":"info","message":"All supplement notifications scheduled successfully","service":"apex-biotics-api","timestamp":"2025-08-26 19:11:57"}
{"level":"info","message":"Server is running on http://localhost:5000","service":"apex-biotics-api","timestamp":"2025-08-26 19:11:58"}
{"level":"http","message":{"duration":"4994ms","ip":"::1","method":"POST","requestBody":"{\"email\":\"saad12@yopmail.com\"}","requestId":null,"status":200,"url":"/api/friends/invite","userAgent":"PostmanRuntime/7.45.0","userId":"68643ec66f91fafad2288530"},"service":"apex-biotics-api","timestamp":"2025-08-26 19:12:20"}
{"level":"http","message":"::1 - - [26/Aug/2025:14:12:20 +0000] \"POST /api/friends/invite HTTP/1.1\" 200 157 \"-\" \"PostmanRuntime/7.45.0\"","service":"apex-biotics-api","timestamp":"2025-08-26 19:12:20"}
{"level":"info","message":"All supplement notifications scheduled successfully","service":"apex-biotics-api","timestamp":"2025-08-26 19:35:01"}
{"level":"info","message":"Server is running on http://localhost:5000","service":"apex-biotics-api","timestamp":"2025-08-26 19:35:01"}
{"level":"info","message":"All supplement notifications scheduled successfully","service":"apex-biotics-api","timestamp":"2025-08-26 19:35:50"}
{"level":"info","message":"Server is running on http://localhost:5000","service":"apex-biotics-api","timestamp":"2025-08-26 19:35:50"}
{"level":"info","message":"All supplement notifications scheduled successfully","service":"apex-biotics-api","timestamp":"2025-08-26 19:36:31"}
{"level":"info","message":"Server is running on http://localhost:5000","service":"apex-biotics-api","timestamp":"2025-08-26 19:36:31"}
{"level":"info","message":"All supplement notifications scheduled successfully","service":"apex-biotics-api","timestamp":"2025-08-26 19:37:09"}
{"level":"info","message":"Server is running on http://localhost:5000","service":"apex-biotics-api","timestamp":"2025-08-26 19:37:09"}
{"level":"info","message":"All supplement notifications scheduled successfully","service":"apex-biotics-api","timestamp":"2025-08-26 19:39:52"}
{"level":"info","message":"Server is running on http://localhost:5000","service":"apex-biotics-api","timestamp":"2025-08-26 19:39:52"}
